------127.0.0.1 REQUEST_URI:/report/------
[ 2012-08-30T17:12:44+08:00 ] INFO: Tag[ app_begin ] --START--
[ 2012-08-30T17:12:44+08:00 ] INFO: Run ReadHtmlCache Behavior [ RunTime:0.002857s ]
[ 2012-08-30T17:12:44+08:00 ] INFO: Tag[ app_begin ] --END-- [ RunTime:0.003048s ]
[ 2012-08-30T17:12:44+08:00 ] NOTIC: [8] Undefined index:  type functions.php 第 501 行.
[ 2012-08-30T17:12:44+08:00 ] NOTIC: [8] Undefined index:  type functions.php 第 501 行.
[ 2012-08-30T17:12:44+08:00 ] NOTIC: [8] Undefined index:  type functions.php 第 501 行.
[ 2012-08-30T17:12:44+08:00 ] NOTIC: [8] Undefined index:  type functions.php 第 501 行.
[ 2012-08-30T17:12:44+08:00 ] INFO: Tag[ view_template ] --START--
[ 2012-08-30T17:12:44+08:00 ] INFO: Run LocationTemplate Behavior [ RunTime:0.003261s ]
[ 2012-08-30T17:12:44+08:00 ] INFO: Tag[ view_template ] --END-- [ RunTime:0.003364s ]
[ 2012-08-30T17:12:44+08:00 ] INFO: Tag[ view_parse ] --START--
[ 2012-08-30T17:12:44+08:00 ] INFO: Run ParseTemplate Behavior [ RunTime:0.055524s ]
[ 2012-08-30T17:12:44+08:00 ] INFO: Tag[ view_parse ] --END-- [ RunTime:0.055634s ]
[ 2012-08-30T17:12:44+08:00 ] INFO: Tag[ view_filter ] --START--
[ 2012-08-30T17:12:44+08:00 ] INFO: Run ContentReplace Behavior [ RunTime:0.001972s ]
[ 2012-08-30T17:12:44+08:00 ] INFO: Run TokenBuild Behavior [ RunTime:0.002922s ]
[ 2012-08-30T17:12:44+08:00 ] INFO: Run WriteHtmlCache Behavior [ RunTime:0.001741s ]
[ 2012-08-30T17:12:44+08:00 ] INFO: Run ShowRuntime Behavior [ RunTime:0.002413s ]
[ 2012-08-30T17:12:44+08:00 ] INFO: Tag[ view_filter ] --END-- [ RunTime:0.009391s ]
[ 2012-08-30T17:12:44+08:00 ] INFO: Tag[ view_end ] --START--
[ 2012-08-30T17:12:44+08:00 ] INFO: Run ShowPageTrace Behavior [ RunTime:0.002181s ]
[ 2012-08-30T17:12:44+08:00 ] INFO: Tag[ view_end ] --END-- [ RunTime:0.002271s ]

------127.0.0.1 REQUEST_URI:/report/common/situation.html------
[ 2012-08-30T17:12:53+08:00 ] INFO: Tag[ route_check ] --START--
[ 2012-08-30T17:12:53+08:00 ] INFO: Run CheckRoute Behavior [ RunTime:0.002213s ]
[ 2012-08-30T17:12:53+08:00 ] INFO: Tag[ route_check ] --END-- [ RunTime:0.002362s ]
[ 2012-08-30T17:12:53+08:00 ] INFO: Tag[ app_begin ] --START--
[ 2012-08-30T17:12:53+08:00 ] INFO: Run ReadHtmlCache Behavior [ RunTime:0.003363s ]
[ 2012-08-30T17:12:53+08:00 ] INFO: Tag[ app_begin ] --END-- [ RunTime:0.003473s ]
[ 2012-08-30T17:12:53+08:00 ] NOTIC: [8] Use of undefined constant _URL_ - assumed '_URL_' CommonAction.class.php 第 15 行.
[ 2012-08-30T17:12:53+08:00 ] NOTIC: [8] Undefined offset:  3 CommonAction.class.php 第 15 行.
[ 2012-08-30T17:12:53+08:00 ] NOTIC: [8] Use of undefined constant now - assumed 'now' CommonAction.class.php 第 32 行.
[ 2012-08-30T17:12:53+08:00 ] INFO: Tag[ view_template ] --START--
[ 2012-08-30T17:12:53+08:00 ] INFO: Run LocationTemplate Behavior [ RunTime:0.002581s ]
[ 2012-08-30T17:12:53+08:00 ] INFO: Tag[ view_template ] --END-- [ RunTime:0.002701s ]
[ 2012-08-30T17:12:53+08:00 ] INFO: Tag[ view_parse ] --START--
[ 2012-08-30T17:12:53+08:00 ] NOTIC: [8] Undefined variable: department a4fbe9a20bc692d7948d533d1b6527b3.php 第 32 行.
[ 2012-08-30T17:12:53+08:00 ] NOTIC: [8] Undefined variable: 8 a4fbe9a20bc692d7948d533d1b6527b3.php 第 40 行.
[ 2012-08-30T17:12:53+08:00 ] INFO: Run ParseTemplate Behavior [ RunTime:0.042592s ]
[ 2012-08-30T17:12:53+08:00 ] INFO: Tag[ view_parse ] --END-- [ RunTime:0.042672s ]
[ 2012-08-30T17:12:53+08:00 ] INFO: Tag[ view_filter ] --START--
[ 2012-08-30T17:12:53+08:00 ] INFO: Run ContentReplace Behavior [ RunTime:0.002081s ]
[ 2012-08-30T17:12:53+08:00 ] INFO: Run TokenBuild Behavior [ RunTime:0.002174s ]
[ 2012-08-30T17:12:53+08:00 ] INFO: Run WriteHtmlCache Behavior [ RunTime:0.001345s ]
[ 2012-08-30T17:12:53+08:00 ] INFO: Run ShowRuntime Behavior [ RunTime:0.001732s ]
[ 2012-08-30T17:12:53+08:00 ] INFO: Tag[ view_filter ] --END-- [ RunTime:0.007732s ]
[ 2012-08-30T17:12:53+08:00 ] INFO: Tag[ view_end ] --START--
[ 2012-08-30T17:12:53+08:00 ] INFO: Run ShowPageTrace Behavior [ RunTime:0.001825s ]
[ 2012-08-30T17:12:53+08:00 ] INFO: Tag[ view_end ] --END-- [ RunTime:0.001940s ]

------127.0.0.1 REQUEST_URI:/report/------
[ 2012-08-30T17:13:13+08:00 ] INFO: Tag[ app_begin ] --START--
[ 2012-08-30T17:13:13+08:00 ] INFO: Run ReadHtmlCache Behavior [ RunTime:0.001897s ]
[ 2012-08-30T17:13:13+08:00 ] INFO: Tag[ app_begin ] --END-- [ RunTime:0.002065s ]
[ 2012-08-30T17:13:13+08:00 ] NOTIC: [8] Undefined index:  type functions.php 第 501 行.
[ 2012-08-30T17:13:13+08:00 ] NOTIC: [8] Undefined index:  type functions.php 第 501 行.
[ 2012-08-30T17:13:13+08:00 ] NOTIC: [8] Undefined index:  type functions.php 第 501 行.
[ 2012-08-30T17:13:13+08:00 ] NOTIC: [8] Undefined index:  type functions.php 第 501 行.
[ 2012-08-30T17:13:13+08:00 ] INFO: Tag[ view_template ] --START--
[ 2012-08-30T17:13:13+08:00 ] INFO: Run LocationTemplate Behavior [ RunTime:0.002659s ]
[ 2012-08-30T17:13:13+08:00 ] INFO: Tag[ view_template ] --END-- [ RunTime:0.002766s ]
[ 2012-08-30T17:13:13+08:00 ] INFO: Tag[ view_parse ] --START--
[ 2012-08-30T17:13:13+08:00 ] INFO: Run ParseTemplate Behavior [ RunTime:0.026994s ]
[ 2012-08-30T17:13:13+08:00 ] INFO: Tag[ view_parse ] --END-- [ RunTime:0.027116s ]
[ 2012-08-30T17:13:13+08:00 ] INFO: Tag[ view_filter ] --START--
[ 2012-08-30T17:13:13+08:00 ] INFO: Run ContentReplace Behavior [ RunTime:0.002403s ]
[ 2012-08-30T17:13:13+08:00 ] INFO: Run TokenBuild Behavior [ RunTime:0.002871s ]
[ 2012-08-30T17:13:13+08:00 ] INFO: Run WriteHtmlCache Behavior [ RunTime:0.001653s ]
[ 2012-08-30T17:13:13+08:00 ] INFO: Run ShowRuntime Behavior [ RunTime:0.003005s ]
[ 2012-08-30T17:13:13+08:00 ] INFO: Tag[ view_filter ] --END-- [ RunTime:0.010242s ]
[ 2012-08-30T17:13:13+08:00 ] INFO: Tag[ view_end ] --START--
[ 2012-08-30T17:13:13+08:00 ] INFO: Run ShowPageTrace Behavior [ RunTime:0.001825s ]
[ 2012-08-30T17:13:13+08:00 ] INFO: Tag[ view_end ] --END-- [ RunTime:0.002040s ]

------127.0.0.1 REQUEST_URI:/report/common/situation.html------
[ 2012-08-30T17:13:18+08:00 ] INFO: Tag[ route_check ] --START--
[ 2012-08-30T17:13:18+08:00 ] INFO: Run CheckRoute Behavior [ RunTime:0.001388s ]
[ 2012-08-30T17:13:18+08:00 ] INFO: Tag[ route_check ] --END-- [ RunTime:0.001539s ]
[ 2012-08-30T17:13:18+08:00 ] INFO: Tag[ app_begin ] --START--
[ 2012-08-30T17:13:18+08:00 ] INFO: Run ReadHtmlCache Behavior [ RunTime:0.001209s ]
[ 2012-08-30T17:13:18+08:00 ] INFO: Tag[ app_begin ] --END-- [ RunTime:0.001305s ]
[ 2012-08-30T17:13:18+08:00 ] NOTIC: [8] Use of undefined constant _URL_ - assumed '_URL_' CommonAction.class.php 第 15 行.
[ 2012-08-30T17:13:18+08:00 ] NOTIC: [8] Undefined offset:  3 CommonAction.class.php 第 15 行.
[ 2012-08-30T17:13:18+08:00 ] NOTIC: [8] Use of undefined constant now - assumed 'now' CommonAction.class.php 第 32 行.
[ 2012-08-30T17:13:18+08:00 ] INFO: Tag[ view_template ] --START--
[ 2012-08-30T17:13:18+08:00 ] INFO: Run LocationTemplate Behavior [ RunTime:0.001682s ]
[ 2012-08-30T17:13:18+08:00 ] INFO: Tag[ view_template ] --END-- [ RunTime:0.001795s ]
[ 2012-08-30T17:13:18+08:00 ] INFO: Tag[ view_parse ] --START--
[ 2012-08-30T17:13:18+08:00 ] NOTIC: [8] Undefined variable: department a4fbe9a20bc692d7948d533d1b6527b3.php 第 32 行.
[ 2012-08-30T17:13:18+08:00 ] NOTIC: [8] Undefined variable: 8 a4fbe9a20bc692d7948d533d1b6527b3.php 第 40 行.
[ 2012-08-30T17:13:18+08:00 ] INFO: Run ParseTemplate Behavior [ RunTime:0.028862s ]
[ 2012-08-30T17:13:18+08:00 ] INFO: Tag[ view_parse ] --END-- [ RunTime:0.028941s ]
[ 2012-08-30T17:13:18+08:00 ] INFO: Tag[ view_filter ] --START--
[ 2012-08-30T17:13:18+08:00 ] INFO: Run ContentReplace Behavior [ RunTime:0.000951s ]
[ 2012-08-30T17:13:18+08:00 ] INFO: Run TokenBuild Behavior [ RunTime:0.001677s ]
[ 2012-08-30T17:13:18+08:00 ] INFO: Run WriteHtmlCache Behavior [ RunTime:0.000699s ]
[ 2012-08-30T17:13:18+08:00 ] INFO: Run ShowRuntime Behavior [ RunTime:0.000966s ]
[ 2012-08-30T17:13:18+08:00 ] INFO: Tag[ view_filter ] --END-- [ RunTime:0.004832s ]
[ 2012-08-30T17:13:18+08:00 ] INFO: Tag[ view_end ] --START--
[ 2012-08-30T17:13:18+08:00 ] INFO: Run ShowPageTrace Behavior [ RunTime:0.001553s ]
[ 2012-08-30T17:13:18+08:00 ] INFO: Tag[ view_end ] --END-- [ RunTime:0.001679s ]

------127.0.0.1 REQUEST_URI:/report/common/situation.html------
[ 2012-08-30T17:14:43+08:00 ] INFO: Tag[ route_check ] --START--
[ 2012-08-30T17:14:43+08:00 ] INFO: Run CheckRoute Behavior [ RunTime:0.001404s ]
[ 2012-08-30T17:14:43+08:00 ] INFO: Tag[ route_check ] --END-- [ RunTime:0.001549s ]
[ 2012-08-30T17:14:43+08:00 ] INFO: Tag[ app_begin ] --START--
[ 2012-08-30T17:14:43+08:00 ] INFO: Run ReadHtmlCache Behavior [ RunTime:0.000942s ]
[ 2012-08-30T17:14:43+08:00 ] INFO: Tag[ app_begin ] --END-- [ RunTime:0.001030s ]
[ 2012-08-30T17:14:43+08:00 ] NOTIC: [8] Use of undefined constant _URL_ - assumed '_URL_' CommonAction.class.php 第 15 行.
[ 2012-08-30T17:14:43+08:00 ] NOTIC: [8] Undefined offset:  3 CommonAction.class.php 第 15 行.
[ 2012-08-30T17:14:43+08:00 ] NOTIC: [8] Use of undefined constant now - assumed 'now' CommonAction.class.php 第 32 行.
[ 2012-08-30T17:14:43+08:00 ] INFO: Tag[ view_template ] --START--
[ 2012-08-30T17:14:43+08:00 ] INFO: Run LocationTemplate Behavior [ RunTime:0.000822s ]
[ 2012-08-30T17:14:43+08:00 ] INFO: Tag[ view_template ] --END-- [ RunTime:0.000934s ]
[ 2012-08-30T17:14:43+08:00 ] INFO: Tag[ view_parse ] --START--
[ 2012-08-30T17:14:43+08:00 ] NOTIC: [8] Undefined variable: department a4fbe9a20bc692d7948d533d1b6527b3.php 第 32 行.
[ 2012-08-30T17:14:43+08:00 ] NOTIC: [8] Undefined variable: 8 a4fbe9a20bc692d7948d533d1b6527b3.php 第 40 行.
[ 2012-08-30T17:14:43+08:00 ] INFO: Run ParseTemplate Behavior [ RunTime:0.026025s ]
[ 2012-08-30T17:14:43+08:00 ] INFO: Tag[ view_parse ] --END-- [ RunTime:0.026116s ]
[ 2012-08-30T17:14:43+08:00 ] INFO: Tag[ view_filter ] --START--
[ 2012-08-30T17:14:43+08:00 ] INFO: Run ContentReplace Behavior [ RunTime:0.001073s ]
[ 2012-08-30T17:14:43+08:00 ] INFO: Run TokenBuild Behavior [ RunTime:0.000838s ]
[ 2012-08-30T17:14:43+08:00 ] INFO: Run WriteHtmlCache Behavior [ RunTime:0.000540s ]
[ 2012-08-30T17:14:43+08:00 ] INFO: Run ShowRuntime Behavior [ RunTime:0.000853s ]
[ 2012-08-30T17:14:43+08:00 ] INFO: Tag[ view_filter ] --END-- [ RunTime:0.003569s ]
[ 2012-08-30T17:14:43+08:00 ] INFO: Tag[ view_end ] --START--
[ 2012-08-30T17:14:43+08:00 ] INFO: Run ShowPageTrace Behavior [ RunTime:0.000963s ]
[ 2012-08-30T17:14:43+08:00 ] INFO: Tag[ view_end ] --END-- [ RunTime:0.001079s ]

------127.0.0.1 REQUEST_URI:/report/common/situation.html------
[ 2012-08-30T17:15:12+08:00 ] INFO: Tag[ route_check ] --START--
[ 2012-08-30T17:15:12+08:00 ] INFO: Run CheckRoute Behavior [ RunTime:0.002542s ]
[ 2012-08-30T17:15:12+08:00 ] INFO: Tag[ route_check ] --END-- [ RunTime:0.002711s ]
[ 2012-08-30T17:15:12+08:00 ] INFO: Tag[ app_begin ] --START--
[ 2012-08-30T17:15:12+08:00 ] INFO: Run ReadHtmlCache Behavior [ RunTime:0.001732s ]
[ 2012-08-30T17:15:12+08:00 ] INFO: Tag[ app_begin ] --END-- [ RunTime:0.001935s ]
[ 2012-08-30T17:15:12+08:00 ] NOTIC: [8] Use of undefined constant _URL_ - assumed '_URL_' CommonAction.class.php 第 15 行.
[ 2012-08-30T17:15:12+08:00 ] NOTIC: [8] Undefined offset:  3 CommonAction.class.php 第 15 行.
[ 2012-08-30T17:15:12+08:00 ] NOTIC: [8] Use of undefined constant now - assumed 'now' CommonAction.class.php 第 32 行.
[ 2012-08-30T17:15:12+08:00 ] INFO: Tag[ view_template ] --START--
[ 2012-08-30T17:15:12+08:00 ] INFO: Run LocationTemplate Behavior [ RunTime:0.002655s ]
[ 2012-08-30T17:15:12+08:00 ] INFO: Tag[ view_template ] --END-- [ RunTime:0.002773s ]
[ 2012-08-30T17:15:12+08:00 ] INFO: Tag[ view_parse ] --START--
[ 2012-08-30T17:15:12+08:00 ] NOTIC: [8] Undefined variable: department a4fbe9a20bc692d7948d533d1b6527b3.php 第 32 行.
[ 2012-08-30T17:15:12+08:00 ] NOTIC: [8] Undefined variable: 8 a4fbe9a20bc692d7948d533d1b6527b3.php 第 40 行.
[ 2012-08-30T17:15:12+08:00 ] INFO: Run ParseTemplate Behavior [ RunTime:0.042097s ]
[ 2012-08-30T17:15:12+08:00 ] INFO: Tag[ view_parse ] --END-- [ RunTime:0.042174s ]
[ 2012-08-30T17:15:12+08:00 ] INFO: Tag[ view_filter ] --START--
[ 2012-08-30T17:15:12+08:00 ] INFO: Run ContentReplace Behavior [ RunTime:0.001821s ]
[ 2012-08-30T17:15:12+08:00 ] INFO: Run TokenBuild Behavior [ RunTime:0.002027s ]
[ 2012-08-30T17:15:12+08:00 ] INFO: Run WriteHtmlCache Behavior [ RunTime:0.001404s ]
[ 2012-08-30T17:15:12+08:00 ] INFO: Run ShowRuntime Behavior [ RunTime:0.001724s ]
[ 2012-08-30T17:15:12+08:00 ] INFO: Tag[ view_filter ] --END-- [ RunTime:0.007304s ]
[ 2012-08-30T17:15:12+08:00 ] INFO: Tag[ view_end ] --START--
[ 2012-08-30T17:15:12+08:00 ] INFO: Run ShowPageTrace Behavior [ RunTime:0.002018s ]
[ 2012-08-30T17:15:12+08:00 ] INFO: Tag[ view_end ] --END-- [ RunTime:0.002143s ]

------127.0.0.1 REQUEST_URI:/report/common/situation.html------
[ 2012-08-30T17:17:28+08:00 ] INFO: Tag[ route_check ] --START--
[ 2012-08-30T17:17:28+08:00 ] INFO: Run CheckRoute Behavior [ RunTime:0.002274s ]
[ 2012-08-30T17:17:28+08:00 ] INFO: Tag[ route_check ] --END-- [ RunTime:0.002428s ]
[ 2012-08-30T17:17:28+08:00 ] INFO: Tag[ app_begin ] --START--
[ 2012-08-30T17:17:28+08:00 ] INFO: Run ReadHtmlCache Behavior [ RunTime:0.002226s ]
[ 2012-08-30T17:17:28+08:00 ] INFO: Tag[ app_begin ] --END-- [ RunTime:0.002366s ]
[ 2012-08-30T17:17:28+08:00 ] NOTIC: [8] Use of undefined constant _URL_ - assumed '_URL_' CommonAction.class.php 第 15 行.
[ 2012-08-30T17:17:28+08:00 ] NOTIC: [8] Undefined offset:  3 CommonAction.class.php 第 15 行.
[ 2012-08-30T17:17:28+08:00 ] NOTIC: [8] Use of undefined constant now - assumed 'now' CommonAction.class.php 第 32 行.
[ 2012-08-30T17:17:28+08:00 ] INFO: Tag[ view_template ] --START--
[ 2012-08-30T17:17:28+08:00 ] INFO: Run LocationTemplate Behavior [ RunTime:0.002385s ]
[ 2012-08-30T17:17:28+08:00 ] INFO: Tag[ view_template ] --END-- [ RunTime:0.002497s ]
[ 2012-08-30T17:17:28+08:00 ] INFO: Tag[ view_parse ] --START--
[ 2012-08-30T17:17:28+08:00 ] NOTIC: [8] Undefined variable: department a4fbe9a20bc692d7948d533d1b6527b3.php 第 32 行.
[ 2012-08-30T17:17:28+08:00 ] NOTIC: [8] Undefined variable: 8 a4fbe9a20bc692d7948d533d1b6527b3.php 第 40 行.
[ 2012-08-30T17:17:28+08:00 ] INFO: Run ParseTemplate Behavior [ RunTime:0.030378s ]
[ 2012-08-30T17:17:28+08:00 ] INFO: Tag[ view_parse ] --END-- [ RunTime:0.030467s ]
[ 2012-08-30T17:17:28+08:00 ] INFO: Tag[ view_filter ] --START--
[ 2012-08-30T17:17:28+08:00 ] INFO: Run ContentReplace Behavior [ RunTime:0.001907s ]
[ 2012-08-30T17:17:28+08:00 ] INFO: Run TokenBuild Behavior [ RunTime:0.001624s ]
[ 2012-08-30T17:17:28+08:00 ] INFO: Run WriteHtmlCache Behavior [ RunTime:0.001366s ]
[ 2012-08-30T17:17:28+08:00 ] INFO: Run ShowRuntime Behavior [ RunTime:0.001624s ]
[ 2012-08-30T17:17:28+08:00 ] INFO: Tag[ view_filter ] --END-- [ RunTime:0.006786s ]
[ 2012-08-30T17:17:28+08:00 ] INFO: Tag[ view_end ] --START--
[ 2012-08-30T17:17:28+08:00 ] INFO: Run ShowPageTrace Behavior [ RunTime:0.002662s ]
[ 2012-08-30T17:17:28+08:00 ] INFO: Tag[ view_end ] --END-- [ RunTime:0.002814s ]

------127.0.0.1 REQUEST_URI:/report/common/situation.html------
[ 2012-08-30T17:17:30+08:00 ] INFO: Tag[ route_check ] --START--
[ 2012-08-30T17:17:30+08:00 ] INFO: Run CheckRoute Behavior [ RunTime:0.002095s ]
[ 2012-08-30T17:17:30+08:00 ] INFO: Tag[ route_check ] --END-- [ RunTime:0.002237s ]
[ 2012-08-30T17:17:30+08:00 ] INFO: Tag[ app_begin ] --START--
[ 2012-08-30T17:17:30+08:00 ] INFO: Run ReadHtmlCache Behavior [ RunTime:0.001625s ]
[ 2012-08-30T17:17:30+08:00 ] INFO: Tag[ app_begin ] --END-- [ RunTime:0.001726s ]
[ 2012-08-30T17:17:30+08:00 ] NOTIC: [8] Use of undefined constant _URL_ - assumed '_URL_' CommonAction.class.php 第 15 行.
[ 2012-08-30T17:17:30+08:00 ] NOTIC: [8] Undefined offset:  3 CommonAction.class.php 第 15 行.
[ 2012-08-30T17:17:30+08:00 ] NOTIC: [8] Use of undefined constant now - assumed 'now' CommonAction.class.php 第 32 行.
[ 2012-08-30T17:17:30+08:00 ] INFO: Tag[ view_template ] --START--
[ 2012-08-30T17:17:30+08:00 ] INFO: Run LocationTemplate Behavior [ RunTime:0.002381s ]
[ 2012-08-30T17:17:30+08:00 ] INFO: Tag[ view_template ] --END-- [ RunTime:0.002492s ]
[ 2012-08-30T17:17:30+08:00 ] INFO: Tag[ view_parse ] --START--
[ 2012-08-30T17:17:30+08:00 ] NOTIC: [8] Undefined variable: department a4fbe9a20bc692d7948d533d1b6527b3.php 第 32 行.
[ 2012-08-30T17:17:30+08:00 ] NOTIC: [8] Undefined variable: 8 a4fbe9a20bc692d7948d533d1b6527b3.php 第 40 行.
[ 2012-08-30T17:17:30+08:00 ] INFO: Run ParseTemplate Behavior [ RunTime:0.035473s ]
[ 2012-08-30T17:17:30+08:00 ] INFO: Tag[ view_parse ] --END-- [ RunTime:0.035630s ]
[ 2012-08-30T17:17:30+08:00 ] INFO: Tag[ view_filter ] --START--
[ 2012-08-30T17:17:30+08:00 ] INFO: Run ContentReplace Behavior [ RunTime:0.001859s ]
[ 2012-08-30T17:17:30+08:00 ] INFO: Run TokenBuild Behavior [ RunTime:0.001627s ]
[ 2012-08-30T17:17:30+08:00 ] INFO: Run WriteHtmlCache Behavior [ RunTime:0.001962s ]
[ 2012-08-30T17:17:30+08:00 ] INFO: Run ShowRuntime Behavior [ RunTime:0.001788s ]
[ 2012-08-30T17:17:30+08:00 ] INFO: Tag[ view_filter ] --END-- [ RunTime:0.007510s ]
[ 2012-08-30T17:17:30+08:00 ] INFO: Tag[ view_end ] --START--
[ 2012-08-30T17:17:30+08:00 ] INFO: Run ShowPageTrace Behavior [ RunTime:0.001786s ]
[ 2012-08-30T17:17:30+08:00 ] INFO: Tag[ view_end ] --END-- [ RunTime:0.001877s ]

------127.0.0.1 REQUEST_URI:/report/common/situation.html------
[ 2012-08-30T17:17:30+08:00 ] INFO: Tag[ route_check ] --START--
[ 2012-08-30T17:17:30+08:00 ] INFO: Run CheckRoute Behavior [ RunTime:0.002199s ]
[ 2012-08-30T17:17:30+08:00 ] INFO: Tag[ route_check ] --END-- [ RunTime:0.002345s ]
[ 2012-08-30T17:17:30+08:00 ] INFO: Tag[ app_begin ] --START--
[ 2012-08-30T17:17:30+08:00 ] INFO: Run ReadHtmlCache Behavior [ RunTime:0.002343s ]
[ 2012-08-30T17:17:30+08:00 ] INFO: Tag[ app_begin ] --END-- [ RunTime:0.002449s ]
[ 2012-08-30T17:17:30+08:00 ] NOTIC: [8] Use of undefined constant _URL_ - assumed '_URL_' CommonAction.class.php 第 15 行.
[ 2012-08-30T17:17:30+08:00 ] NOTIC: [8] Undefined offset:  3 CommonAction.class.php 第 15 行.
[ 2012-08-30T17:17:30+08:00 ] NOTIC: [8] Use of undefined constant now - assumed 'now' CommonAction.class.php 第 32 行.
[ 2012-08-30T17:17:30+08:00 ] INFO: Tag[ view_template ] --START--
[ 2012-08-30T17:17:30+08:00 ] INFO: Run LocationTemplate Behavior [ RunTime:0.002332s ]
[ 2012-08-30T17:17:30+08:00 ] INFO: Tag[ view_template ] --END-- [ RunTime:0.002443s ]
[ 2012-08-30T17:17:30+08:00 ] INFO: Tag[ view_parse ] --START--
[ 2012-08-30T17:17:30+08:00 ] NOTIC: [8] Undefined variable: department a4fbe9a20bc692d7948d533d1b6527b3.php 第 32 行.
[ 2012-08-30T17:17:30+08:00 ] NOTIC: [8] Undefined variable: 8 a4fbe9a20bc692d7948d533d1b6527b3.php 第 40 行.
[ 2012-08-30T17:17:30+08:00 ] INFO: Run ParseTemplate Behavior [ RunTime:0.041469s ]
[ 2012-08-30T17:17:30+08:00 ] INFO: Tag[ view_parse ] --END-- [ RunTime:0.041543s ]
[ 2012-08-30T17:17:30+08:00 ] INFO: Tag[ view_filter ] --START--
[ 2012-08-30T17:17:30+08:00 ] INFO: Run ContentReplace Behavior [ RunTime:0.001677s ]
[ 2012-08-30T17:17:30+08:00 ] INFO: Run TokenBuild Behavior [ RunTime:0.001796s ]
[ 2012-08-30T17:17:30+08:00 ] INFO: Run WriteHtmlCache Behavior [ RunTime:0.001302s ]
[ 2012-08-30T17:17:30+08:00 ] INFO: Run ShowRuntime Behavior [ RunTime:0.001658s ]
[ 2012-08-30T17:17:30+08:00 ] INFO: Tag[ view_filter ] --END-- [ RunTime:0.006713s ]
[ 2012-08-30T17:17:30+08:00 ] INFO: Tag[ view_end ] --START--
[ 2012-08-30T17:17:30+08:00 ] INFO: Run ShowPageTrace Behavior [ RunTime:0.007148s ]
[ 2012-08-30T17:17:30+08:00 ] INFO: Tag[ view_end ] --END-- [ RunTime:0.007278s ]

------127.0.0.1 REQUEST_URI:/report/common/situation.html------
[ 2012-08-30T17:17:30+08:00 ] INFO: Tag[ route_check ] --START--
[ 2012-08-30T17:17:30+08:00 ] INFO: Run CheckRoute Behavior [ RunTime:0.002306s ]
[ 2012-08-30T17:17:30+08:00 ] INFO: Tag[ route_check ] --END-- [ RunTime:0.002466s ]
[ 2012-08-30T17:17:30+08:00 ] INFO: Tag[ app_begin ] --START--
[ 2012-08-30T17:17:30+08:00 ] INFO: Run ReadHtmlCache Behavior [ RunTime:0.001731s ]
[ 2012-08-30T17:17:30+08:00 ] INFO: Tag[ app_begin ] --END-- [ RunTime:0.001842s ]
[ 2012-08-30T17:17:30+08:00 ] NOTIC: [8] Use of undefined constant _URL_ - assumed '_URL_' CommonAction.class.php 第 15 行.
[ 2012-08-30T17:17:30+08:00 ] NOTIC: [8] Undefined offset:  3 CommonAction.class.php 第 15 行.
[ 2012-08-30T17:17:30+08:00 ] NOTIC: [8] Use of undefined constant now - assumed 'now' CommonAction.class.php 第 32 行.
[ 2012-08-30T17:17:31+08:00 ] INFO: Tag[ view_template ] --START--
[ 2012-08-30T17:17:31+08:00 ] INFO: Run LocationTemplate Behavior [ RunTime:0.002525s ]
[ 2012-08-30T17:17:31+08:00 ] INFO: Tag[ view_template ] --END-- [ RunTime:0.002649s ]
[ 2012-08-30T17:17:31+08:00 ] INFO: Tag[ view_parse ] --START--
[ 2012-08-30T17:17:31+08:00 ] NOTIC: [8] Undefined variable: department a4fbe9a20bc692d7948d533d1b6527b3.php 第 32 行.
[ 2012-08-30T17:17:31+08:00 ] NOTIC: [8] Undefined variable: 8 a4fbe9a20bc692d7948d533d1b6527b3.php 第 40 行.
[ 2012-08-30T17:17:31+08:00 ] INFO: Run ParseTemplate Behavior [ RunTime:0.040901s ]
[ 2012-08-30T17:17:31+08:00 ] INFO: Tag[ view_parse ] --END-- [ RunTime:0.040977s ]
[ 2012-08-30T17:17:31+08:00 ] INFO: Tag[ view_filter ] --START--
[ 2012-08-30T17:17:31+08:00 ] INFO: Run ContentReplace Behavior [ RunTime:0.001746s ]
[ 2012-08-30T17:17:31+08:00 ] INFO: Run TokenBuild Behavior [ RunTime:0.001798s ]
[ 2012-08-30T17:17:31+08:00 ] INFO: Run WriteHtmlCache Behavior [ RunTime:0.001315s ]
[ 2012-08-30T17:17:31+08:00 ] INFO: Run ShowRuntime Behavior [ RunTime:0.001582s ]
[ 2012-08-30T17:17:31+08:00 ] INFO: Tag[ view_filter ] --END-- [ RunTime:0.006705s ]
[ 2012-08-30T17:17:31+08:00 ] INFO: Tag[ view_end ] --START--
[ 2012-08-30T17:17:31+08:00 ] INFO: Run ShowPageTrace Behavior [ RunTime:0.002108s ]
[ 2012-08-30T17:17:31+08:00 ] INFO: Tag[ view_end ] --END-- [ RunTime:0.008587s ]

------127.0.0.1 REQUEST_URI:/report/common/situation.html------
[ 2012-08-30T17:17:31+08:00 ] INFO: Tag[ route_check ] --START--
[ 2012-08-30T17:17:31+08:00 ] INFO: Run CheckRoute Behavior [ RunTime:0.002098s ]
[ 2012-08-30T17:17:31+08:00 ] INFO: Tag[ route_check ] --END-- [ RunTime:0.002282s ]
[ 2012-08-30T17:17:31+08:00 ] INFO: Tag[ app_begin ] --START--
[ 2012-08-30T17:17:31+08:00 ] INFO: Run ReadHtmlCache Behavior [ RunTime:0.001804s ]
[ 2012-08-30T17:17:31+08:00 ] INFO: Tag[ app_begin ] --END-- [ RunTime:0.001917s ]
[ 2012-08-30T17:17:31+08:00 ] NOTIC: [8] Use of undefined constant _URL_ - assumed '_URL_' CommonAction.class.php 第 15 行.
[ 2012-08-30T17:17:31+08:00 ] NOTIC: [8] Undefined offset:  3 CommonAction.class.php 第 15 行.
[ 2012-08-30T17:17:31+08:00 ] NOTIC: [8] Use of undefined constant now - assumed 'now' CommonAction.class.php 第 32 行.
[ 2012-08-30T17:17:31+08:00 ] INFO: Tag[ view_template ] --START--
[ 2012-08-30T17:17:31+08:00 ] INFO: Run LocationTemplate Behavior [ RunTime:0.002467s ]
[ 2012-08-30T17:17:31+08:00 ] INFO: Tag[ view_template ] --END-- [ RunTime:0.002577s ]
[ 2012-08-30T17:17:31+08:00 ] INFO: Tag[ view_parse ] --START--
[ 2012-08-30T17:17:31+08:00 ] NOTIC: [8] Undefined variable: department a4fbe9a20bc692d7948d533d1b6527b3.php 第 32 行.
[ 2012-08-30T17:17:31+08:00 ] NOTIC: [8] Undefined variable: 8 a4fbe9a20bc692d7948d533d1b6527b3.php 第 40 行.
[ 2012-08-30T17:17:31+08:00 ] INFO: Run ParseTemplate Behavior [ RunTime:0.028534s ]
[ 2012-08-30T17:17:31+08:00 ] INFO: Tag[ view_parse ] --END-- [ RunTime:0.028610s ]
[ 2012-08-30T17:17:31+08:00 ] INFO: Tag[ view_filter ] --START--
[ 2012-08-30T17:17:31+08:00 ] INFO: Run ContentReplace Behavior [ RunTime:0.002399s ]
[ 2012-08-30T17:17:31+08:00 ] INFO: Run TokenBuild Behavior [ RunTime:0.001884s ]
[ 2012-08-30T17:17:31+08:00 ] INFO: Run WriteHtmlCache Behavior [ RunTime:0.001333s ]
[ 2012-08-30T17:17:31+08:00 ] INFO: Run ShowRuntime Behavior [ RunTime:0.001619s ]
[ 2012-08-30T17:17:31+08:00 ] INFO: Tag[ view_filter ] --END-- [ RunTime:0.007502s ]
[ 2012-08-30T17:17:31+08:00 ] INFO: Tag[ view_end ] --START--
[ 2012-08-30T17:17:31+08:00 ] INFO: Run ShowPageTrace Behavior [ RunTime:0.001981s ]
[ 2012-08-30T17:17:31+08:00 ] INFO: Tag[ view_end ] --END-- [ RunTime:0.002105s ]

------127.0.0.1 REQUEST_URI:/report/common/situation.html------
[ 2012-08-30T17:18:56+08:00 ] INFO: Tag[ route_check ] --START--
[ 2012-08-30T17:18:56+08:00 ] INFO: Run CheckRoute Behavior [ RunTime:0.001586s ]
[ 2012-08-30T17:18:56+08:00 ] INFO: Tag[ route_check ] --END-- [ RunTime:0.001740s ]
[ 2012-08-30T17:18:56+08:00 ] INFO: Tag[ app_begin ] --START--
[ 2012-08-30T17:18:56+08:00 ] INFO: Run ReadHtmlCache Behavior [ RunTime:0.001095s ]
[ 2012-08-30T17:18:56+08:00 ] INFO: Tag[ app_begin ] --END-- [ RunTime:0.001256s ]
[ 2012-08-30T17:18:56+08:00 ] NOTIC: [8] Use of undefined constant _URL_ - assumed '_URL_' CommonAction.class.php 第 15 行.
[ 2012-08-30T17:18:56+08:00 ] NOTIC: [8] Undefined offset:  3 CommonAction.class.php 第 15 行.
[ 2012-08-30T17:18:56+08:00 ] NOTIC: [8] Use of undefined constant now - assumed 'now' CommonAction.class.php 第 32 行.
[ 2012-08-30T17:18:56+08:00 ] INFO: Tag[ view_template ] --START--
[ 2012-08-30T17:18:56+08:00 ] INFO: Run LocationTemplate Behavior [ RunTime:0.000799s ]
[ 2012-08-30T17:18:56+08:00 ] INFO: Tag[ view_template ] --END-- [ RunTime:0.000905s ]
[ 2012-08-30T17:18:56+08:00 ] INFO: Tag[ view_parse ] --START--
[ 2012-08-30T17:18:56+08:00 ] NOTIC: [8] Undefined variable: department a4fbe9a20bc692d7948d533d1b6527b3.php 第 32 行.
[ 2012-08-30T17:18:56+08:00 ] NOTIC: [8] Undefined variable: 8 a4fbe9a20bc692d7948d533d1b6527b3.php 第 40 行.
[ 2012-08-30T17:18:56+08:00 ] INFO: Run ParseTemplate Behavior [ RunTime:0.025488s ]
[ 2012-08-30T17:18:56+08:00 ] INFO: Tag[ view_parse ] --END-- [ RunTime:0.025562s ]
[ 2012-08-30T17:18:56+08:00 ] INFO: Tag[ view_filter ] --START--
[ 2012-08-30T17:18:56+08:00 ] INFO: Run ContentReplace Behavior [ RunTime:0.000877s ]
[ 2012-08-30T17:18:56+08:00 ] INFO: Run TokenBuild Behavior [ RunTime:0.000818s ]
[ 2012-08-30T17:18:56+08:00 ] INFO: Run WriteHtmlCache Behavior [ RunTime:0.000517s ]
[ 2012-08-30T17:18:56+08:00 ] INFO: Run ShowRuntime Behavior [ RunTime:0.000878s ]
[ 2012-08-30T17:18:56+08:00 ] INFO: Tag[ view_filter ] --END-- [ RunTime:0.003340s ]
[ 2012-08-30T17:18:56+08:00 ] INFO: Tag[ view_end ] --START--
[ 2012-08-30T17:18:56+08:00 ] INFO: Run ShowPageTrace Behavior [ RunTime:0.001568s ]
[ 2012-08-30T17:18:56+08:00 ] INFO: Tag[ view_end ] --END-- [ RunTime:0.001698s ]

------127.0.0.1 REQUEST_URI:/report/common/situation.html------
[ 2012-08-30T17:19:00+08:00 ] INFO: Tag[ route_check ] --START--
[ 2012-08-30T17:19:00+08:00 ] INFO: Run CheckRoute Behavior [ RunTime:0.001331s ]
[ 2012-08-30T17:19:00+08:00 ] INFO: Tag[ route_check ] --END-- [ RunTime:0.001472s ]
[ 2012-08-30T17:19:00+08:00 ] INFO: Tag[ app_begin ] --START--
[ 2012-08-30T17:19:00+08:00 ] INFO: Run ReadHtmlCache Behavior [ RunTime:0.001083s ]
[ 2012-08-30T17:19:00+08:00 ] INFO: Tag[ app_begin ] --END-- [ RunTime:0.001177s ]
[ 2012-08-30T17:19:00+08:00 ] NOTIC: [8] Use of undefined constant _URL_ - assumed '_URL_' CommonAction.class.php 第 15 行.
[ 2012-08-30T17:19:00+08:00 ] NOTIC: [8] Undefined offset:  3 CommonAction.class.php 第 15 行.
[ 2012-08-30T17:19:00+08:00 ] NOTIC: [8] Use of undefined constant now - assumed 'now' CommonAction.class.php 第 32 行.
[ 2012-08-30T17:19:00+08:00 ] INFO: Tag[ view_template ] --START--
[ 2012-08-30T17:19:00+08:00 ] INFO: Run LocationTemplate Behavior [ RunTime:0.001015s ]
[ 2012-08-30T17:19:00+08:00 ] INFO: Tag[ view_template ] --END-- [ RunTime:0.001130s ]
[ 2012-08-30T17:19:00+08:00 ] INFO: Tag[ view_parse ] --START--
[ 2012-08-30T17:19:00+08:00 ] NOTIC: [8] Undefined variable: department a4fbe9a20bc692d7948d533d1b6527b3.php 第 32 行.
[ 2012-08-30T17:19:00+08:00 ] NOTIC: [8] Undefined variable: 8 a4fbe9a20bc692d7948d533d1b6527b3.php 第 40 行.
[ 2012-08-30T17:19:00+08:00 ] INFO: Run ParseTemplate Behavior [ RunTime:0.025623s ]
[ 2012-08-30T17:19:00+08:00 ] INFO: Tag[ view_parse ] --END-- [ RunTime:0.025702s ]
[ 2012-08-30T17:19:00+08:00 ] INFO: Tag[ view_filter ] --START--
[ 2012-08-30T17:19:00+08:00 ] INFO: Run ContentReplace Behavior [ RunTime:0.001018s ]
[ 2012-08-30T17:19:00+08:00 ] INFO: Run TokenBuild Behavior [ RunTime:0.000874s ]
[ 2012-08-30T17:19:00+08:00 ] INFO: Run WriteHtmlCache Behavior [ RunTime:0.000566s ]
[ 2012-08-30T17:19:00+08:00 ] INFO: Run ShowRuntime Behavior [ RunTime:0.000858s ]
[ 2012-08-30T17:19:00+08:00 ] INFO: Tag[ view_filter ] --END-- [ RunTime:0.003580s ]
[ 2012-08-30T17:19:00+08:00 ] INFO: Tag[ view_end ] --START--
[ 2012-08-30T17:19:00+08:00 ] INFO: Run ShowPageTrace Behavior [ RunTime:0.000899s ]
[ 2012-08-30T17:19:00+08:00 ] INFO: Tag[ view_end ] --END-- [ RunTime:0.001010s ]

------127.0.0.1 REQUEST_URI:/report/common/situation.html------
[ 2012-08-30T17:19:28+08:00 ] INFO: Tag[ route_check ] --START--
[ 2012-08-30T17:19:28+08:00 ] INFO: Run CheckRoute Behavior [ RunTime:0.001414s ]
[ 2012-08-30T17:19:28+08:00 ] INFO: Tag[ route_check ] --END-- [ RunTime:0.001565s ]
[ 2012-08-30T17:19:28+08:00 ] INFO: Tag[ app_begin ] --START--
[ 2012-08-30T17:19:28+08:00 ] INFO: Run ReadHtmlCache Behavior [ RunTime:0.001389s ]
[ 2012-08-30T17:19:28+08:00 ] INFO: Tag[ app_begin ] --END-- [ RunTime:0.001553s ]
[ 2012-08-30T17:19:28+08:00 ] NOTIC: [8] Use of undefined constant _URL_ - assumed '_URL_' CommonAction.class.php 第 15 行.
[ 2012-08-30T17:19:28+08:00 ] NOTIC: [8] Undefined offset:  3 CommonAction.class.php 第 15 行.
[ 2012-08-30T17:19:28+08:00 ] NOTIC: [8] Use of undefined constant now - assumed 'now' CommonAction.class.php 第 32 行.
[ 2012-08-30T17:19:28+08:00 ] INFO: Tag[ view_template ] --START--
[ 2012-08-30T17:19:28+08:00 ] INFO: Run LocationTemplate Behavior [ RunTime:0.000875s ]
[ 2012-08-30T17:19:28+08:00 ] INFO: Tag[ view_template ] --END-- [ RunTime:0.000983s ]
[ 2012-08-30T17:19:28+08:00 ] INFO: Tag[ view_parse ] --START--
[ 2012-08-30T17:19:28+08:00 ] NOTIC: [8] Undefined variable: department a4fbe9a20bc692d7948d533d1b6527b3.php 第 32 行.
[ 2012-08-30T17:19:28+08:00 ] NOTIC: [8] Undefined variable: 8 a4fbe9a20bc692d7948d533d1b6527b3.php 第 40 行.
[ 2012-08-30T17:19:28+08:00 ] INFO: Run ParseTemplate Behavior [ RunTime:0.025895s ]
[ 2012-08-30T17:19:28+08:00 ] INFO: Tag[ view_parse ] --END-- [ RunTime:0.025971s ]
[ 2012-08-30T17:19:28+08:00 ] INFO: Tag[ view_filter ] --START--
[ 2012-08-30T17:19:28+08:00 ] INFO: Run ContentReplace Behavior [ RunTime:0.000990s ]
[ 2012-08-30T17:19:28+08:00 ] INFO: Run TokenBuild Behavior [ RunTime:0.000878s ]
[ 2012-08-30T17:19:28+08:00 ] INFO: Run WriteHtmlCache Behavior [ RunTime:0.000662s ]
[ 2012-08-30T17:19:28+08:00 ] INFO: Run ShowRuntime Behavior [ RunTime:0.000873s ]
[ 2012-08-30T17:19:28+08:00 ] INFO: Tag[ view_filter ] --END-- [ RunTime:0.003677s ]
[ 2012-08-30T17:19:28+08:00 ] INFO: Tag[ view_end ] --START--
[ 2012-08-30T17:19:28+08:00 ] INFO: Run ShowPageTrace Behavior [ RunTime:0.001929s ]
[ 2012-08-30T17:19:28+08:00 ] INFO: Tag[ view_end ] --END-- [ RunTime:0.002057s ]

------127.0.0.1 REQUEST_URI:/report/common/situation.html------
[ 2012-08-30T17:19:32+08:00 ] INFO: Tag[ route_check ] --START--
[ 2012-08-30T17:19:32+08:00 ] INFO: Run CheckRoute Behavior [ RunTime:0.002136s ]
[ 2012-08-30T17:19:32+08:00 ] INFO: Tag[ route_check ] --END-- [ RunTime:0.002280s ]
[ 2012-08-30T17:19:32+08:00 ] INFO: Tag[ app_begin ] --START--
[ 2012-08-30T17:19:32+08:00 ] INFO: Run ReadHtmlCache Behavior [ RunTime:0.003155s ]
[ 2012-08-30T17:19:32+08:00 ] INFO: Tag[ app_begin ] --END-- [ RunTime:0.003432s ]
[ 2012-08-30T17:19:32+08:00 ] NOTIC: [8] Use of undefined constant _URL_ - assumed '_URL_' CommonAction.class.php 第 15 行.
[ 2012-08-30T17:19:32+08:00 ] NOTIC: [8] Undefined offset:  3 CommonAction.class.php 第 15 行.
[ 2012-08-30T17:19:32+08:00 ] NOTIC: [8] Use of undefined constant now - assumed 'now' CommonAction.class.php 第 32 行.
[ 2012-08-30T17:19:32+08:00 ] INFO: Tag[ view_template ] --START--
[ 2012-08-30T17:19:32+08:00 ] INFO: Run LocationTemplate Behavior [ RunTime:0.002389s ]
[ 2012-08-30T17:19:32+08:00 ] INFO: Tag[ view_template ] --END-- [ RunTime:0.002504s ]
[ 2012-08-30T17:19:32+08:00 ] INFO: Tag[ view_parse ] --START--
[ 2012-08-30T17:19:32+08:00 ] NOTIC: [8] Undefined variable: department a4fbe9a20bc692d7948d533d1b6527b3.php 第 32 行.
[ 2012-08-30T17:19:32+08:00 ] NOTIC: [8] Undefined variable: 8 a4fbe9a20bc692d7948d533d1b6527b3.php 第 40 行.
[ 2012-08-30T17:19:32+08:00 ] INFO: Run ParseTemplate Behavior [ RunTime:0.029372s ]
[ 2012-08-30T17:19:32+08:00 ] INFO: Tag[ view_parse ] --END-- [ RunTime:0.029452s ]
[ 2012-08-30T17:19:32+08:00 ] INFO: Tag[ view_filter ] --START--
[ 2012-08-30T17:19:32+08:00 ] INFO: Run ContentReplace Behavior [ RunTime:0.001691s ]
[ 2012-08-30T17:19:32+08:00 ] INFO: Run TokenBuild Behavior [ RunTime:0.001603s ]
[ 2012-08-30T17:19:32+08:00 ] INFO: Run WriteHtmlCache Behavior [ RunTime:0.001383s ]
[ 2012-08-30T17:19:32+08:00 ] INFO: Run ShowRuntime Behavior [ RunTime:0.001749s ]
[ 2012-08-30T17:19:32+08:00 ] INFO: Tag[ view_filter ] --END-- [ RunTime:0.006695s ]
[ 2012-08-30T17:19:32+08:00 ] INFO: Tag[ view_end ] --START--
[ 2012-08-30T17:19:32+08:00 ] INFO: Run ShowPageTrace Behavior [ RunTime:0.002061s ]
[ 2012-08-30T17:19:32+08:00 ] INFO: Tag[ view_end ] --END-- [ RunTime:0.002189s ]

------127.0.0.1 REQUEST_URI:/report/common/situation.html------
[ 2012-08-30T17:20:50+08:00 ] INFO: Tag[ route_check ] --START--
[ 2012-08-30T17:20:50+08:00 ] INFO: Run CheckRoute Behavior [ RunTime:0.001639s ]
[ 2012-08-30T17:20:50+08:00 ] INFO: Tag[ route_check ] --END-- [ RunTime:0.001825s ]
[ 2012-08-30T17:20:50+08:00 ] INFO: Tag[ app_begin ] --START--
[ 2012-08-30T17:20:50+08:00 ] INFO: Run ReadHtmlCache Behavior [ RunTime:0.000947s ]
[ 2012-08-30T17:20:50+08:00 ] INFO: Tag[ app_begin ] --END-- [ RunTime:0.001030s ]
[ 2012-08-30T17:20:50+08:00 ] NOTIC: [8] Use of undefined constant _URL_ - assumed '_URL_' CommonAction.class.php 第 15 行.
[ 2012-08-30T17:20:50+08:00 ] NOTIC: [8] Undefined offset:  3 CommonAction.class.php 第 15 行.
[ 2012-08-30T17:20:50+08:00 ] NOTIC: [8] Use of undefined constant now - assumed 'now' CommonAction.class.php 第 32 行.
[ 2012-08-30T17:20:50+08:00 ] INFO: Tag[ view_template ] --START--
[ 2012-08-30T17:20:50+08:00 ] INFO: Run LocationTemplate Behavior [ RunTime:0.000798s ]
[ 2012-08-30T17:20:50+08:00 ] INFO: Tag[ view_template ] --END-- [ RunTime:0.000907s ]
[ 2012-08-30T17:20:50+08:00 ] INFO: Tag[ view_parse ] --START--
[ 2012-08-30T17:20:50+08:00 ] NOTIC: [8] Undefined variable: department a4fbe9a20bc692d7948d533d1b6527b3.php 第 32 行.
[ 2012-08-30T17:20:50+08:00 ] NOTIC: [8] Undefined variable: 8 a4fbe9a20bc692d7948d533d1b6527b3.php 第 40 行.
[ 2012-08-30T17:20:50+08:00 ] INFO: Run ParseTemplate Behavior [ RunTime:0.024103s ]
[ 2012-08-30T17:20:50+08:00 ] INFO: Tag[ view_parse ] --END-- [ RunTime:0.024179s ]
[ 2012-08-30T17:20:50+08:00 ] INFO: Tag[ view_filter ] --START--
[ 2012-08-30T17:20:50+08:00 ] INFO: Run ContentReplace Behavior [ RunTime:0.001297s ]
[ 2012-08-30T17:20:50+08:00 ] INFO: Run TokenBuild Behavior [ RunTime:0.001039s ]
[ 2012-08-30T17:20:50+08:00 ] INFO: Run WriteHtmlCache Behavior [ RunTime:0.000565s ]
[ 2012-08-30T17:20:50+08:00 ] INFO: Run ShowRuntime Behavior [ RunTime:0.000828s ]
[ 2012-08-30T17:20:50+08:00 ] INFO: Tag[ view_filter ] --END-- [ RunTime:0.004003s ]
[ 2012-08-30T17:20:50+08:00 ] INFO: Tag[ view_end ] --START--
[ 2012-08-30T17:20:50+08:00 ] INFO: Run ShowPageTrace Behavior [ RunTime:0.001010s ]
[ 2012-08-30T17:20:50+08:00 ] INFO: Tag[ view_end ] --END-- [ RunTime:0.001131s ]

------127.0.0.1 REQUEST_URI:/report/common/situation.html------
[ 2012-08-30T17:21:30+08:00 ] INFO: Tag[ route_check ] --START--
[ 2012-08-30T17:21:30+08:00 ] INFO: Run CheckRoute Behavior [ RunTime:0.002139s ]
[ 2012-08-30T17:21:30+08:00 ] INFO: Tag[ route_check ] --END-- [ RunTime:0.002284s ]
[ 2012-08-30T17:21:30+08:00 ] INFO: Tag[ app_begin ] --START--
[ 2012-08-30T17:21:30+08:00 ] INFO: Run ReadHtmlCache Behavior [ RunTime:0.001649s ]
[ 2012-08-30T17:21:30+08:00 ] INFO: Tag[ app_begin ] --END-- [ RunTime:0.001755s ]
[ 2012-08-30T17:21:30+08:00 ] NOTIC: [8] Use of undefined constant _URL_ - assumed '_URL_' CommonAction.class.php 第 15 行.
[ 2012-08-30T17:21:30+08:00 ] NOTIC: [8] Undefined offset:  3 CommonAction.class.php 第 15 行.
[ 2012-08-30T17:21:30+08:00 ] NOTIC: [8] Use of undefined constant now - assumed 'now' CommonAction.class.php 第 32 行.
[ 2012-08-30T17:21:30+08:00 ] INFO: Tag[ view_template ] --START--
[ 2012-08-30T17:21:30+08:00 ] INFO: Run LocationTemplate Behavior [ RunTime:0.002610s ]
[ 2012-08-30T17:21:30+08:00 ] INFO: Tag[ view_template ] --END-- [ RunTime:0.002731s ]
[ 2012-08-30T17:21:30+08:00 ] INFO: Tag[ view_parse ] --START--
[ 2012-08-30T17:21:30+08:00 ] NOTIC: [8] Undefined variable: department a4fbe9a20bc692d7948d533d1b6527b3.php 第 32 行.
[ 2012-08-30T17:21:30+08:00 ] NOTIC: [8] Undefined variable: 8 a4fbe9a20bc692d7948d533d1b6527b3.php 第 40 行.
[ 2012-08-30T17:21:30+08:00 ] INFO: Run ParseTemplate Behavior [ RunTime:0.036380s ]
[ 2012-08-30T17:21:30+08:00 ] INFO: Tag[ view_parse ] --END-- [ RunTime:0.036456s ]
[ 2012-08-30T17:21:30+08:00 ] INFO: Tag[ view_filter ] --START--
[ 2012-08-30T17:21:30+08:00 ] INFO: Run ContentReplace Behavior [ RunTime:0.001674s ]
[ 2012-08-30T17:21:30+08:00 ] INFO: Run TokenBuild Behavior [ RunTime:0.001713s ]
[ 2012-08-30T17:21:30+08:00 ] INFO: Run WriteHtmlCache Behavior [ RunTime:0.001308s ]
[ 2012-08-30T17:21:30+08:00 ] INFO: Run ShowRuntime Behavior [ RunTime:0.002181s ]
[ 2012-08-30T17:21:30+08:00 ] INFO: Tag[ view_filter ] --END-- [ RunTime:0.007255s ]
[ 2012-08-30T17:21:30+08:00 ] INFO: Tag[ view_end ] --START--
[ 2012-08-30T17:21:30+08:00 ] INFO: Run ShowPageTrace Behavior [ RunTime:0.001782s ]
[ 2012-08-30T17:21:30+08:00 ] INFO: Tag[ view_end ] --END-- [ RunTime:0.001957s ]

------127.0.0.1 REQUEST_URI:/report/common/situation.html------
[ 2012-08-30T17:23:41+08:00 ] INFO: Tag[ route_check ] --START--
[ 2012-08-30T17:23:41+08:00 ] INFO: Run CheckRoute Behavior [ RunTime:0.002214s ]
[ 2012-08-30T17:23:41+08:00 ] INFO: Tag[ route_check ] --END-- [ RunTime:0.002356s ]
[ 2012-08-30T17:23:41+08:00 ] INFO: Tag[ app_begin ] --START--
[ 2012-08-30T17:23:41+08:00 ] INFO: Run ReadHtmlCache Behavior [ RunTime:0.000957s ]
[ 2012-08-30T17:23:41+08:00 ] INFO: Tag[ app_begin ] --END-- [ RunTime:0.001042s ]
[ 2012-08-30T17:23:41+08:00 ] NOTIC: [8] Use of undefined constant _URL_ - assumed '_URL_' CommonAction.class.php 第 15 行.
[ 2012-08-30T17:23:41+08:00 ] NOTIC: [8] Undefined offset:  3 CommonAction.class.php 第 15 行.
[ 2012-08-30T17:23:41+08:00 ] NOTIC: [8] Use of undefined constant now - assumed 'now' CommonAction.class.php 第 32 行.
[ 2012-08-30T17:23:41+08:00 ] INFO: Tag[ view_template ] --START--
[ 2012-08-30T17:23:41+08:00 ] INFO: Run LocationTemplate Behavior [ RunTime:0.002383s ]
[ 2012-08-30T17:23:41+08:00 ] INFO: Tag[ view_template ] --END-- [ RunTime:0.002526s ]
[ 2012-08-30T17:23:41+08:00 ] INFO: Tag[ view_parse ] --START--
[ 2012-08-30T17:23:41+08:00 ] NOTIC: [8] Undefined variable: department a4fbe9a20bc692d7948d533d1b6527b3.php 第 32 行.
[ 2012-08-30T17:23:41+08:00 ] NOTIC: [8] Undefined variable: 8 a4fbe9a20bc692d7948d533d1b6527b3.php 第 40 行.
[ 2012-08-30T17:23:41+08:00 ] INFO: Run ParseTemplate Behavior [ RunTime:0.029620s ]
[ 2012-08-30T17:23:41+08:00 ] INFO: Tag[ view_parse ] --END-- [ RunTime:0.029697s ]
[ 2012-08-30T17:23:41+08:00 ] INFO: Tag[ view_filter ] --START--
[ 2012-08-30T17:23:41+08:00 ] INFO: Run ContentReplace Behavior [ RunTime:0.001999s ]
[ 2012-08-30T17:23:41+08:00 ] INFO: Run TokenBuild Behavior [ RunTime:0.001625s ]
[ 2012-08-30T17:23:41+08:00 ] INFO: Run WriteHtmlCache Behavior [ RunTime:0.001350s ]
[ 2012-08-30T17:23:41+08:00 ] INFO: Run ShowRuntime Behavior [ RunTime:0.001627s ]
[ 2012-08-30T17:23:41+08:00 ] INFO: Tag[ view_filter ] --END-- [ RunTime:0.006890s ]
[ 2012-08-30T17:23:41+08:00 ] INFO: Tag[ view_end ] --START--
[ 2012-08-30T17:23:41+08:00 ] INFO: Run ShowPageTrace Behavior [ RunTime:0.001901s ]
[ 2012-08-30T17:23:41+08:00 ] INFO: Tag[ view_end ] --END-- [ RunTime:0.002018s ]

------127.0.0.1 REQUEST_URI:/report/common/situation.html------
[ 2012-08-30T17:23:45+08:00 ] INFO: Tag[ route_check ] --START--
[ 2012-08-30T17:23:45+08:00 ] INFO: Run CheckRoute Behavior [ RunTime:0.001374s ]
[ 2012-08-30T17:23:45+08:00 ] INFO: Tag[ route_check ] --END-- [ RunTime:0.001518s ]
[ 2012-08-30T17:23:45+08:00 ] INFO: Tag[ app_begin ] --START--
[ 2012-08-30T17:23:45+08:00 ] INFO: Run ReadHtmlCache Behavior [ RunTime:0.000920s ]
[ 2012-08-30T17:23:45+08:00 ] INFO: Tag[ app_begin ] --END-- [ RunTime:0.001003s ]
[ 2012-08-30T17:23:45+08:00 ] NOTIC: [8] Use of undefined constant _URL_ - assumed '_URL_' CommonAction.class.php 第 15 行.
[ 2012-08-30T17:23:45+08:00 ] NOTIC: [8] Undefined offset:  3 CommonAction.class.php 第 15 行.
[ 2012-08-30T17:23:45+08:00 ] NOTIC: [8] Use of undefined constant now - assumed 'now' CommonAction.class.php 第 32 行.
[ 2012-08-30T17:23:45+08:00 ] INFO: Tag[ view_template ] --START--
[ 2012-08-30T17:23:45+08:00 ] INFO: Run LocationTemplate Behavior [ RunTime:0.000811s ]
[ 2012-08-30T17:23:45+08:00 ] INFO: Tag[ view_template ] --END-- [ RunTime:0.000914s ]
[ 2012-08-30T17:23:45+08:00 ] INFO: Tag[ view_parse ] --START--
[ 2012-08-30T17:23:45+08:00 ] NOTIC: [8] Undefined variable: department a4fbe9a20bc692d7948d533d1b6527b3.php 第 32 行.
[ 2012-08-30T17:23:45+08:00 ] NOTIC: [8] Undefined variable: 8 a4fbe9a20bc692d7948d533d1b6527b3.php 第 40 行.
[ 2012-08-30T17:23:45+08:00 ] INFO: Run ParseTemplate Behavior [ RunTime:0.026552s ]
[ 2012-08-30T17:23:45+08:00 ] INFO: Tag[ view_parse ] --END-- [ RunTime:0.026630s ]
[ 2012-08-30T17:23:45+08:00 ] INFO: Tag[ view_filter ] --START--
[ 2012-08-30T17:23:45+08:00 ] INFO: Run ContentReplace Behavior [ RunTime:0.001026s ]
[ 2012-08-30T17:23:45+08:00 ] INFO: Run TokenBuild Behavior [ RunTime:0.000948s ]
[ 2012-08-30T17:23:45+08:00 ] INFO: Run WriteHtmlCache Behavior [ RunTime:0.000657s ]
[ 2012-08-30T17:23:45+08:00 ] INFO: Run ShowRuntime Behavior [ RunTime:0.000935s ]
[ 2012-08-30T17:23:45+08:00 ] INFO: Tag[ view_filter ] --END-- [ RunTime:0.003850s ]
[ 2012-08-30T17:23:45+08:00 ] INFO: Tag[ view_end ] --START--
[ 2012-08-30T17:23:45+08:00 ] INFO: Run ShowPageTrace Behavior [ RunTime:0.001948s ]
[ 2012-08-30T17:23:45+08:00 ] INFO: Tag[ view_end ] --END-- [ RunTime:0.002069s ]

------127.0.0.1 REQUEST_URI:/report/common/situation.html------
[ 2012-08-30T17:23:47+08:00 ] INFO: Tag[ route_check ] --START--
[ 2012-08-30T17:23:47+08:00 ] INFO: Run CheckRoute Behavior [ RunTime:0.002853s ]
[ 2012-08-30T17:23:47+08:00 ] INFO: Tag[ route_check ] --END-- [ RunTime:0.003003s ]
[ 2012-08-30T17:23:47+08:00 ] INFO: Tag[ app_begin ] --START--
[ 2012-08-30T17:23:47+08:00 ] INFO: Run ReadHtmlCache Behavior [ RunTime:0.001677s ]
[ 2012-08-30T17:23:47+08:00 ] INFO: Tag[ app_begin ] --END-- [ RunTime:0.001781s ]
[ 2012-08-30T17:23:47+08:00 ] NOTIC: [8] Use of undefined constant _URL_ - assumed '_URL_' CommonAction.class.php 第 15 行.
[ 2012-08-30T17:23:47+08:00 ] NOTIC: [8] Undefined offset:  3 CommonAction.class.php 第 15 行.
[ 2012-08-30T17:23:47+08:00 ] NOTIC: [8] Use of undefined constant now - assumed 'now' CommonAction.class.php 第 32 行.
[ 2012-08-30T17:23:47+08:00 ] INFO: Tag[ view_template ] --START--
[ 2012-08-30T17:23:47+08:00 ] INFO: Run LocationTemplate Behavior [ RunTime:0.002370s ]
[ 2012-08-30T17:23:47+08:00 ] INFO: Tag[ view_template ] --END-- [ RunTime:0.002486s ]
[ 2012-08-30T17:23:47+08:00 ] INFO: Tag[ view_parse ] --START--
[ 2012-08-30T17:23:47+08:00 ] NOTIC: [8] Undefined variable: department a4fbe9a20bc692d7948d533d1b6527b3.php 第 32 行.
[ 2012-08-30T17:23:47+08:00 ] NOTIC: [8] Undefined variable: 8 a4fbe9a20bc692d7948d533d1b6527b3.php 第 40 行.
[ 2012-08-30T17:23:47+08:00 ] INFO: Run ParseTemplate Behavior [ RunTime:0.047453s ]
[ 2012-08-30T17:23:47+08:00 ] INFO: Tag[ view_parse ] --END-- [ RunTime:0.047532s ]
[ 2012-08-30T17:23:47+08:00 ] INFO: Tag[ view_filter ] --START--
[ 2012-08-30T17:23:47+08:00 ] INFO: Run ContentReplace Behavior [ RunTime:0.001743s ]
[ 2012-08-30T17:23:47+08:00 ] INFO: Run TokenBuild Behavior [ RunTime:0.001810s ]
[ 2012-08-30T17:23:47+08:00 ] INFO: Run WriteHtmlCache Behavior [ RunTime:0.001900s ]
[ 2012-08-30T17:23:47+08:00 ] INFO: Run ShowRuntime Behavior [ RunTime:0.001631s ]
[ 2012-08-30T17:23:47+08:00 ] INFO: Tag[ view_filter ] --END-- [ RunTime:0.007409s ]
[ 2012-08-30T17:23:47+08:00 ] INFO: Tag[ view_end ] --START--
[ 2012-08-30T17:23:47+08:00 ] INFO: Run ShowPageTrace Behavior [ RunTime:0.002438s ]
[ 2012-08-30T17:23:47+08:00 ] INFO: Tag[ view_end ] --END-- [ RunTime:0.002608s ]

------127.0.0.1 REQUEST_URI:/report/common/situation.html------
[ 2012-08-30T17:23:47+08:00 ] INFO: Tag[ route_check ] --START--
[ 2012-08-30T17:23:47+08:00 ] INFO: Run CheckRoute Behavior [ RunTime:0.003203s ]
[ 2012-08-30T17:23:47+08:00 ] INFO: Tag[ route_check ] --END-- [ RunTime:0.003353s ]
[ 2012-08-30T17:23:47+08:00 ] INFO: Tag[ app_begin ] --START--
[ 2012-08-30T17:23:47+08:00 ] INFO: Run ReadHtmlCache Behavior [ RunTime:0.001680s ]
[ 2012-08-30T17:23:47+08:00 ] INFO: Tag[ app_begin ] --END-- [ RunTime:0.001826s ]
[ 2012-08-30T17:23:47+08:00 ] NOTIC: [8] Use of undefined constant _URL_ - assumed '_URL_' CommonAction.class.php 第 15 行.
[ 2012-08-30T17:23:47+08:00 ] NOTIC: [8] Undefined offset:  3 CommonAction.class.php 第 15 行.
[ 2012-08-30T17:23:47+08:00 ] NOTIC: [8] Use of undefined constant now - assumed 'now' CommonAction.class.php 第 32 行.
[ 2012-08-30T17:23:47+08:00 ] INFO: Tag[ view_template ] --START--
[ 2012-08-30T17:23:47+08:00 ] INFO: Run LocationTemplate Behavior [ RunTime:0.002805s ]
[ 2012-08-30T17:23:47+08:00 ] INFO: Tag[ view_template ] --END-- [ RunTime:0.002918s ]
[ 2012-08-30T17:23:47+08:00 ] INFO: Tag[ view_parse ] --START--
[ 2012-08-30T17:23:47+08:00 ] NOTIC: [8] Undefined variable: department a4fbe9a20bc692d7948d533d1b6527b3.php 第 32 行.
[ 2012-08-30T17:23:47+08:00 ] NOTIC: [8] Undefined variable: 8 a4fbe9a20bc692d7948d533d1b6527b3.php 第 40 行.
[ 2012-08-30T17:23:47+08:00 ] INFO: Run ParseTemplate Behavior [ RunTime:0.029929s ]
[ 2012-08-30T17:23:47+08:00 ] INFO: Tag[ view_parse ] --END-- [ RunTime:0.030004s ]
[ 2012-08-30T17:23:47+08:00 ] INFO: Tag[ view_filter ] --START--
[ 2012-08-30T17:23:47+08:00 ] INFO: Run ContentReplace Behavior [ RunTime:0.001872s ]
[ 2012-08-30T17:23:47+08:00 ] INFO: Run TokenBuild Behavior [ RunTime:0.001629s ]
[ 2012-08-30T17:23:47+08:00 ] INFO: Run WriteHtmlCache Behavior [ RunTime:0.002347s ]
[ 2012-08-30T17:23:47+08:00 ] INFO: Run ShowRuntime Behavior [ RunTime:0.001716s ]
[ 2012-08-30T17:23:47+08:00 ] INFO: Tag[ view_filter ] --END-- [ RunTime:0.007841s ]
[ 2012-08-30T17:23:47+08:00 ] INFO: Tag[ view_end ] --START--
[ 2012-08-30T17:23:47+08:00 ] INFO: Run ShowPageTrace Behavior [ RunTime:0.002840s ]
[ 2012-08-30T17:23:47+08:00 ] INFO: Tag[ view_end ] --END-- [ RunTime:0.002967s ]

------127.0.0.1 REQUEST_URI:/report/common/situation.html------
[ 2012-08-30T17:23:47+08:00 ] INFO: Tag[ route_check ] --START--
[ 2012-08-30T17:23:47+08:00 ] INFO: Run CheckRoute Behavior [ RunTime:0.002480s ]
[ 2012-08-30T17:23:47+08:00 ] INFO: Tag[ route_check ] --END-- [ RunTime:0.003050s ]
[ 2012-08-30T17:23:47+08:00 ] INFO: Tag[ app_begin ] --START--
[ 2012-08-30T17:23:47+08:00 ] INFO: Run ReadHtmlCache Behavior [ RunTime:0.001627s ]
[ 2012-08-30T17:23:47+08:00 ] INFO: Tag[ app_begin ] --END-- [ RunTime:0.001799s ]
[ 2012-08-30T17:23:47+08:00 ] NOTIC: [8] Use of undefined constant _URL_ - assumed '_URL_' CommonAction.class.php 第 15 行.
[ 2012-08-30T17:23:47+08:00 ] NOTIC: [8] Undefined offset:  3 CommonAction.class.php 第 15 行.
[ 2012-08-30T17:23:47+08:00 ] NOTIC: [8] Use of undefined constant now - assumed 'now' CommonAction.class.php 第 32 行.
[ 2012-08-30T17:23:47+08:00 ] INFO: Tag[ view_template ] --START--
[ 2012-08-30T17:23:47+08:00 ] INFO: Run LocationTemplate Behavior [ RunTime:0.002342s ]
[ 2012-08-30T17:23:47+08:00 ] INFO: Tag[ view_template ] --END-- [ RunTime:0.002456s ]
[ 2012-08-30T17:23:47+08:00 ] INFO: Tag[ view_parse ] --START--
[ 2012-08-30T17:23:47+08:00 ] NOTIC: [8] Undefined variable: department a4fbe9a20bc692d7948d533d1b6527b3.php 第 32 行.
[ 2012-08-30T17:23:47+08:00 ] NOTIC: [8] Undefined variable: 8 a4fbe9a20bc692d7948d533d1b6527b3.php 第 40 行.
[ 2012-08-30T17:23:47+08:00 ] INFO: Run ParseTemplate Behavior [ RunTime:0.030155s ]
[ 2012-08-30T17:23:47+08:00 ] INFO: Tag[ view_parse ] --END-- [ RunTime:0.030231s ]
[ 2012-08-30T17:23:47+08:00 ] INFO: Tag[ view_filter ] --START--
[ 2012-08-30T17:23:47+08:00 ] INFO: Run ContentReplace Behavior [ RunTime:0.001728s ]
[ 2012-08-30T17:23:47+08:00 ] INFO: Run TokenBuild Behavior [ RunTime:0.001748s ]
[ 2012-08-30T17:23:47+08:00 ] INFO: Run WriteHtmlCache Behavior [ RunTime:0.001320s ]
[ 2012-08-30T17:23:47+08:00 ] INFO: Run ShowRuntime Behavior [ RunTime:0.001859s ]
[ 2012-08-30T17:23:47+08:00 ] INFO: Tag[ view_filter ] --END-- [ RunTime:0.006931s ]
[ 2012-08-30T17:23:47+08:00 ] INFO: Tag[ view_end ] --START--
[ 2012-08-30T17:23:47+08:00 ] INFO: Run ShowPageTrace Behavior [ RunTime:0.002929s ]
[ 2012-08-30T17:23:47+08:00 ] INFO: Tag[ view_end ] --END-- [ RunTime:0.003052s ]

------127.0.0.1 REQUEST_URI:/report/common/situation.html------
[ 2012-08-30T17:26:56+08:00 ] INFO: Tag[ route_check ] --START--
[ 2012-08-30T17:26:56+08:00 ] INFO: Run CheckRoute Behavior [ RunTime:0.002189s ]
[ 2012-08-30T17:26:56+08:00 ] INFO: Tag[ route_check ] --END-- [ RunTime:0.002345s ]
[ 2012-08-30T17:26:56+08:00 ] INFO: Tag[ app_begin ] --START--
[ 2012-08-30T17:26:56+08:00 ] INFO: Run ReadHtmlCache Behavior [ RunTime:0.001662s ]
[ 2012-08-30T17:26:56+08:00 ] INFO: Tag[ app_begin ] --END-- [ RunTime:0.001773s ]
[ 2012-08-30T17:26:56+08:00 ] NOTIC: [8] Use of undefined constant _URL_ - assumed '_URL_' CommonAction.class.php 第 15 行.
[ 2012-08-30T17:26:56+08:00 ] NOTIC: [8] Undefined offset:  3 CommonAction.class.php 第 15 行.
[ 2012-08-30T17:26:56+08:00 ] NOTIC: [8] Use of undefined constant now - assumed 'now' CommonAction.class.php 第 32 行.
[ 2012-08-30T17:26:57+08:00 ] INFO: Tag[ view_template ] --START--
[ 2012-08-30T17:26:57+08:00 ] INFO: Run LocationTemplate Behavior [ RunTime:0.002420s ]
[ 2012-08-30T17:26:57+08:00 ] INFO: Tag[ view_template ] --END-- [ RunTime:0.002532s ]
[ 2012-08-30T17:26:57+08:00 ] INFO: Tag[ view_parse ] --START--
[ 2012-08-30T17:26:57+08:00 ] NOTIC: [8] Undefined variable: department a4fbe9a20bc692d7948d533d1b6527b3.php 第 32 行.
[ 2012-08-30T17:26:57+08:00 ] NOTIC: [8] Undefined variable: 8 a4fbe9a20bc692d7948d533d1b6527b3.php 第 40 行.
[ 2012-08-30T17:26:57+08:00 ] INFO: Run ParseTemplate Behavior [ RunTime:0.029760s ]
[ 2012-08-30T17:26:57+08:00 ] INFO: Tag[ view_parse ] --END-- [ RunTime:0.029854s ]
[ 2012-08-30T17:26:57+08:00 ] INFO: Tag[ view_filter ] --START--
[ 2012-08-30T17:26:57+08:00 ] INFO: Run ContentReplace Behavior [ RunTime:0.002233s ]
[ 2012-08-30T17:26:57+08:00 ] INFO: Run TokenBuild Behavior [ RunTime:0.001749s ]
[ 2012-08-30T17:26:57+08:00 ] INFO: Run WriteHtmlCache Behavior [ RunTime:0.001406s ]
[ 2012-08-30T17:26:57+08:00 ] INFO: Run ShowRuntime Behavior [ RunTime:0.001792s ]
[ 2012-08-30T17:26:57+08:00 ] INFO: Tag[ view_filter ] --END-- [ RunTime:0.007456s ]
[ 2012-08-30T17:26:57+08:00 ] INFO: Tag[ view_end ] --START--
[ 2012-08-30T17:26:57+08:00 ] INFO: Run ShowPageTrace Behavior [ RunTime:0.002852s ]
[ 2012-08-30T17:26:57+08:00 ] INFO: Tag[ view_end ] --END-- [ RunTime:0.002976s ]

------127.0.0.1 REQUEST_URI:/report/common/situation.html------
[ 2012-08-30T17:28:11+08:00 ] INFO: Tag[ route_check ] --START--
[ 2012-08-30T17:28:11+08:00 ] INFO: Run CheckRoute Behavior [ RunTime:0.002154s ]
[ 2012-08-30T17:28:11+08:00 ] INFO: Tag[ route_check ] --END-- [ RunTime:0.002305s ]
[ 2012-08-30T17:28:11+08:00 ] INFO: Tag[ app_begin ] --START--
[ 2012-08-30T17:28:11+08:00 ] INFO: Run ReadHtmlCache Behavior [ RunTime:0.001700s ]
[ 2012-08-30T17:28:11+08:00 ] INFO: Tag[ app_begin ] --END-- [ RunTime:0.001807s ]
[ 2012-08-30T17:28:11+08:00 ] NOTIC: [8] Use of undefined constant _URL_ - assumed '_URL_' CommonAction.class.php 第 15 行.
[ 2012-08-30T17:28:11+08:00 ] NOTIC: [8] Undefined offset:  3 CommonAction.class.php 第 15 行.
[ 2012-08-30T17:28:11+08:00 ] NOTIC: [8] Use of undefined constant now - assumed 'now' CommonAction.class.php 第 32 行.
[ 2012-08-30T17:28:11+08:00 ] INFO: Tag[ view_template ] --START--
[ 2012-08-30T17:28:11+08:00 ] INFO: Run LocationTemplate Behavior [ RunTime:0.002602s ]
[ 2012-08-30T17:28:11+08:00 ] INFO: Tag[ view_template ] --END-- [ RunTime:0.002723s ]
[ 2012-08-30T17:28:11+08:00 ] INFO: Tag[ view_parse ] --START--
[ 2012-08-30T17:28:11+08:00 ] NOTIC: [8] Undefined variable: department a4fbe9a20bc692d7948d533d1b6527b3.php 第 32 行.
[ 2012-08-30T17:28:11+08:00 ] NOTIC: [8] Undefined variable: 8 a4fbe9a20bc692d7948d533d1b6527b3.php 第 40 行.
[ 2012-08-30T17:28:11+08:00 ] INFO: Run ParseTemplate Behavior [ RunTime:0.029387s ]
[ 2012-08-30T17:28:11+08:00 ] INFO: Tag[ view_parse ] --END-- [ RunTime:0.029462s ]
[ 2012-08-30T17:28:11+08:00 ] INFO: Tag[ view_filter ] --START--
[ 2012-08-30T17:28:11+08:00 ] INFO: Run ContentReplace Behavior [ RunTime:0.001716s ]
[ 2012-08-30T17:28:11+08:00 ] INFO: Run TokenBuild Behavior [ RunTime:0.001626s ]
[ 2012-08-30T17:28:11+08:00 ] INFO: Run WriteHtmlCache Behavior [ RunTime:0.001338s ]
[ 2012-08-30T17:28:11+08:00 ] INFO: Run ShowRuntime Behavior [ RunTime:0.002121s ]
[ 2012-08-30T17:28:11+08:00 ] INFO: Tag[ view_filter ] --END-- [ RunTime:0.007083s ]
[ 2012-08-30T17:28:11+08:00 ] INFO: Tag[ view_end ] --START--
[ 2012-08-30T17:28:11+08:00 ] INFO: Run ShowPageTrace Behavior [ RunTime:0.002808s ]
[ 2012-08-30T17:28:11+08:00 ] INFO: Tag[ view_end ] --END-- [ RunTime:0.002931s ]

------127.0.0.1 REQUEST_URI:/report/------
[ 2012-08-30T17:28:41+08:00 ] INFO: Tag[ app_begin ] --START--
[ 2012-08-30T17:28:41+08:00 ] INFO: Run ReadHtmlCache Behavior [ RunTime:0.001942s ]
[ 2012-08-30T17:28:41+08:00 ] INFO: Tag[ app_begin ] --END-- [ RunTime:0.002121s ]
[ 2012-08-30T17:28:41+08:00 ] NOTIC: [8] Undefined index:  type functions.php 第 501 行.
[ 2012-08-30T17:28:41+08:00 ] NOTIC: [8] Undefined index:  type functions.php 第 501 行.
[ 2012-08-30T17:28:41+08:00 ] NOTIC: [8] Undefined index:  type functions.php 第 501 行.
[ 2012-08-30T17:28:41+08:00 ] NOTIC: [8] Undefined index:  type functions.php 第 501 行.
[ 2012-08-30T17:28:41+08:00 ] INFO: Tag[ view_template ] --START--
[ 2012-08-30T17:28:41+08:00 ] INFO: Run LocationTemplate Behavior [ RunTime:0.002459s ]
[ 2012-08-30T17:28:41+08:00 ] INFO: Tag[ view_template ] --END-- [ RunTime:0.002580s ]
[ 2012-08-30T17:28:41+08:00 ] INFO: Tag[ view_parse ] --START--
[ 2012-08-30T17:28:41+08:00 ] INFO: Run ParseTemplate Behavior [ RunTime:0.015913s ]
[ 2012-08-30T17:28:41+08:00 ] INFO: Tag[ view_parse ] --END-- [ RunTime:0.016036s ]
[ 2012-08-30T17:28:41+08:00 ] INFO: Tag[ view_filter ] --START--
[ 2012-08-30T17:28:41+08:00 ] INFO: Run ContentReplace Behavior [ RunTime:0.001703s ]
[ 2012-08-30T17:28:41+08:00 ] INFO: Run TokenBuild Behavior [ RunTime:0.001601s ]
[ 2012-08-30T17:28:41+08:00 ] INFO: Run WriteHtmlCache Behavior [ RunTime:0.001341s ]
[ 2012-08-30T17:28:41+08:00 ] INFO: Run ShowRuntime Behavior [ RunTime:0.001591s ]
[ 2012-08-30T17:28:41+08:00 ] INFO: Tag[ view_filter ] --END-- [ RunTime:0.006562s ]
[ 2012-08-30T17:28:41+08:00 ] INFO: Tag[ view_end ] --START--
[ 2012-08-30T17:28:41+08:00 ] INFO: Run ShowPageTrace Behavior [ RunTime:0.001931s ]
[ 2012-08-30T17:28:41+08:00 ] INFO: Tag[ view_end ] --END-- [ RunTime:0.002021s ]

------127.0.0.1 REQUEST_URI:/report/common/situation.html------
[ 2012-08-30T17:28:48+08:00 ] INFO: Tag[ route_check ] --START--
[ 2012-08-30T17:28:48+08:00 ] INFO: Run CheckRoute Behavior [ RunTime:0.002083s ]
[ 2012-08-30T17:28:48+08:00 ] INFO: Tag[ route_check ] --END-- [ RunTime:0.002225s ]
[ 2012-08-30T17:28:48+08:00 ] INFO: Tag[ app_begin ] --START--
[ 2012-08-30T17:28:48+08:00 ] INFO: Run ReadHtmlCache Behavior [ RunTime:0.001943s ]
[ 2012-08-30T17:28:48+08:00 ] INFO: Tag[ app_begin ] --END-- [ RunTime:0.002055s ]
[ 2012-08-30T17:28:48+08:00 ] NOTIC: [8] Use of undefined constant _URL_ - assumed '_URL_' CommonAction.class.php 第 15 行.
[ 2012-08-30T17:28:48+08:00 ] NOTIC: [8] Undefined offset:  3 CommonAction.class.php 第 15 行.
[ 2012-08-30T17:28:48+08:00 ] NOTIC: [8] Use of undefined constant now - assumed 'now' CommonAction.class.php 第 32 行.
[ 2012-08-30T17:28:48+08:00 ] INFO: Tag[ view_template ] --START--
[ 2012-08-30T17:28:48+08:00 ] INFO: Run LocationTemplate Behavior [ RunTime:0.003586s ]
[ 2012-08-30T17:28:48+08:00 ] INFO: Tag[ view_template ] --END-- [ RunTime:0.003722s ]
[ 2012-08-30T17:28:48+08:00 ] INFO: Tag[ view_parse ] --START--
[ 2012-08-30T17:28:48+08:00 ] NOTIC: [8] Undefined variable: department a4fbe9a20bc692d7948d533d1b6527b3.php 第 32 行.
[ 2012-08-30T17:28:48+08:00 ] NOTIC: [8] Undefined variable: 8 a4fbe9a20bc692d7948d533d1b6527b3.php 第 40 行.
[ 2012-08-30T17:28:48+08:00 ] INFO: Run ParseTemplate Behavior [ RunTime:0.028891s ]
[ 2012-08-30T17:28:48+08:00 ] INFO: Tag[ view_parse ] --END-- [ RunTime:0.028994s ]
[ 2012-08-30T17:28:48+08:00 ] INFO: Tag[ view_filter ] --START--
[ 2012-08-30T17:28:48+08:00 ] INFO: Run ContentReplace Behavior [ RunTime:0.001867s ]
[ 2012-08-30T17:28:48+08:00 ] INFO: Run TokenBuild Behavior [ RunTime:0.001667s ]
[ 2012-08-30T17:28:48+08:00 ] INFO: Run WriteHtmlCache Behavior [ RunTime:0.001314s ]
[ 2012-08-30T17:28:48+08:00 ] INFO: Run ShowRuntime Behavior [ RunTime:0.001616s ]
[ 2012-08-30T17:28:48+08:00 ] INFO: Tag[ view_filter ] --END-- [ RunTime:0.006752s ]
[ 2012-08-30T17:28:48+08:00 ] INFO: Tag[ view_end ] --START--
[ 2012-08-30T17:28:48+08:00 ] INFO: Run ShowPageTrace Behavior [ RunTime:0.001982s ]
[ 2012-08-30T17:28:48+08:00 ] INFO: Tag[ view_end ] --END-- [ RunTime:0.002096s ]

------127.0.0.1 REQUEST_URI:/report/common/situation.html------
[ 2012-08-30T17:28:52+08:00 ] INFO: Tag[ route_check ] --START--
[ 2012-08-30T17:28:52+08:00 ] INFO: Run CheckRoute Behavior [ RunTime:0.002319s ]
[ 2012-08-30T17:28:52+08:00 ] INFO: Tag[ route_check ] --END-- [ RunTime:0.002467s ]
[ 2012-08-30T17:28:52+08:00 ] INFO: Tag[ app_begin ] --START--
[ 2012-08-30T17:28:52+08:00 ] INFO: Run ReadHtmlCache Behavior [ RunTime:0.001886s ]
[ 2012-08-30T17:28:52+08:00 ] INFO: Tag[ app_begin ] --END-- [ RunTime:0.002003s ]
[ 2012-08-30T17:28:52+08:00 ] NOTIC: [8] Use of undefined constant _URL_ - assumed '_URL_' CommonAction.class.php 第 15 行.
[ 2012-08-30T17:28:52+08:00 ] NOTIC: [8] Undefined offset:  3 CommonAction.class.php 第 15 行.
[ 2012-08-30T17:28:52+08:00 ] NOTIC: [8] Use of undefined constant now - assumed 'now' CommonAction.class.php 第 32 行.
[ 2012-08-30T17:28:52+08:00 ] INFO: Tag[ view_template ] --START--
[ 2012-08-30T17:28:52+08:00 ] INFO: Run LocationTemplate Behavior [ RunTime:0.002404s ]
[ 2012-08-30T17:28:52+08:00 ] INFO: Tag[ view_template ] --END-- [ RunTime:0.002524s ]
[ 2012-08-30T17:28:52+08:00 ] INFO: Tag[ view_parse ] --START--
[ 2012-08-30T17:28:52+08:00 ] NOTIC: [8] Undefined variable: department a4fbe9a20bc692d7948d533d1b6527b3.php 第 32 行.
[ 2012-08-30T17:28:52+08:00 ] NOTIC: [8] Undefined variable: 8 a4fbe9a20bc692d7948d533d1b6527b3.php 第 40 行.
[ 2012-08-30T17:28:52+08:00 ] INFO: Run ParseTemplate Behavior [ RunTime:0.029768s ]
[ 2012-08-30T17:28:52+08:00 ] INFO: Tag[ view_parse ] --END-- [ RunTime:0.029844s ]
[ 2012-08-30T17:28:52+08:00 ] INFO: Tag[ view_filter ] --START--
[ 2012-08-30T17:28:52+08:00 ] INFO: Run ContentReplace Behavior [ RunTime:0.001700s ]
[ 2012-08-30T17:28:52+08:00 ] INFO: Run TokenBuild Behavior [ RunTime:0.001627s ]
[ 2012-08-30T17:28:52+08:00 ] INFO: Run WriteHtmlCache Behavior [ RunTime:0.001339s ]
[ 2012-08-30T17:28:52+08:00 ] INFO: Run ShowRuntime Behavior [ RunTime:0.002009s ]
[ 2012-08-30T17:28:52+08:00 ] INFO: Tag[ view_filter ] --END-- [ RunTime:0.006942s ]
[ 2012-08-30T17:28:52+08:00 ] INFO: Tag[ view_end ] --START--
[ 2012-08-30T17:28:52+08:00 ] INFO: Run ShowPageTrace Behavior [ RunTime:0.002099s ]
[ 2012-08-30T17:28:52+08:00 ] INFO: Tag[ view_end ] --END-- [ RunTime:0.002217s ]

------127.0.0.1 REQUEST_URI:/report/Common/applyCheck.html------
[ 2012-08-30T17:29:20+08:00 ] INFO: Tag[ route_check ] --START--
[ 2012-08-30T17:29:20+08:00 ] INFO: Run CheckRoute Behavior [ RunTime:0.001670s ]
[ 2012-08-30T17:29:20+08:00 ] INFO: Tag[ route_check ] --END-- [ RunTime:0.001814s ]
[ 2012-08-30T17:29:20+08:00 ] INFO: Tag[ app_begin ] --START--
[ 2012-08-30T17:29:20+08:00 ] INFO: Run ReadHtmlCache Behavior [ RunTime:0.001077s ]
[ 2012-08-30T17:29:20+08:00 ] INFO: Tag[ app_begin ] --END-- [ RunTime:0.001173s ]
[ 2012-08-30T17:29:20+08:00 ] INFO: Tag[ view_template ] --START--
[ 2012-08-30T17:29:20+08:00 ] INFO: Run LocationTemplate Behavior [ RunTime:0.002147s ]
[ 2012-08-30T17:29:20+08:00 ] INFO: Tag[ view_template ] --END-- [ RunTime:0.002277s ]
[ 2012-08-30T17:29:20+08:00 ] INFO: Tag[ view_parse ] --START--
[ 2012-08-30T17:29:20+08:00 ] NOTIC: [8] Undefined variable: department 45bd4741b4a77c6bdbf9aae461474c73.php 第 31 行.
[ 2012-08-30T17:29:20+08:00 ] INFO: Run ParseTemplate Behavior [ RunTime:0.037358s ]
[ 2012-08-30T17:29:20+08:00 ] INFO: Tag[ view_parse ] --END-- [ RunTime:0.037440s ]
[ 2012-08-30T17:29:20+08:00 ] INFO: Tag[ view_filter ] --START--
[ 2012-08-30T17:29:20+08:00 ] INFO: Run ContentReplace Behavior [ RunTime:0.000721s ]
[ 2012-08-30T17:29:20+08:00 ] INFO: Run TokenBuild Behavior [ RunTime:0.000725s ]
[ 2012-08-30T17:29:20+08:00 ] INFO: Run WriteHtmlCache Behavior [ RunTime:0.000519s ]
[ 2012-08-30T17:29:20+08:00 ] INFO: Run ShowRuntime Behavior [ RunTime:0.000823s ]
[ 2012-08-30T17:29:20+08:00 ] INFO: Tag[ view_filter ] --END-- [ RunTime:0.003031s ]
[ 2012-08-30T17:29:20+08:00 ] INFO: Tag[ view_end ] --START--
[ 2012-08-30T17:29:20+08:00 ] INFO: Run ShowPageTrace Behavior [ RunTime:0.000829s ]
[ 2012-08-30T17:29:20+08:00 ] INFO: Tag[ view_end ] --END-- [ RunTime:0.000909s ]

------127.0.0.1 REQUEST_URI:/report/Admin/applyEdit.html------
[ 2012-08-30T17:29:22+08:00 ] INFO: Tag[ route_check ] --START--
[ 2012-08-30T17:29:22+08:00 ] INFO: Run CheckRoute Behavior [ RunTime:0.001481s ]
[ 2012-08-30T17:29:22+08:00 ] INFO: Tag[ route_check ] --END-- [ RunTime:0.001726s ]
[ 2012-08-30T17:29:22+08:00 ] INFO: Tag[ app_begin ] --START--
[ 2012-08-30T17:29:22+08:00 ] INFO: Run ReadHtmlCache Behavior [ RunTime:0.001045s ]
[ 2012-08-30T17:29:22+08:00 ] INFO: Tag[ app_begin ] --END-- [ RunTime:0.001137s ]
[ 2012-08-30T17:29:23+08:00 ] INFO: Tag[ view_template ] --START--
[ 2012-08-30T17:29:23+08:00 ] INFO: Run LocationTemplate Behavior [ RunTime:0.001775s ]
[ 2012-08-30T17:29:23+08:00 ] INFO: Tag[ view_template ] --END-- [ RunTime:0.001900s ]
[ 2012-08-30T17:29:23+08:00 ] INFO: Tag[ view_parse ] --START--
[ 2012-08-30T17:29:23+08:00 ] NOTIC: [8] Undefined variable: department ba76d349b663e62ca9fdff56e201da0c.php 第 31 行.
[ 2012-08-30T17:29:23+08:00 ] INFO: Run ParseTemplate Behavior [ RunTime:0.024082s ]
[ 2012-08-30T17:29:23+08:00 ] INFO: Tag[ view_parse ] --END-- [ RunTime:0.024161s ]
[ 2012-08-30T17:29:23+08:00 ] INFO: Tag[ view_filter ] --START--
[ 2012-08-30T17:29:23+08:00 ] INFO: Run ContentReplace Behavior [ RunTime:0.000702s ]
[ 2012-08-30T17:29:23+08:00 ] INFO: Run TokenBuild Behavior [ RunTime:0.000812s ]
[ 2012-08-30T17:29:23+08:00 ] INFO: Run WriteHtmlCache Behavior [ RunTime:0.001104s ]
[ 2012-08-30T17:29:23+08:00 ] INFO: Run ShowRuntime Behavior [ RunTime:0.000818s ]
[ 2012-08-30T17:29:23+08:00 ] INFO: Tag[ view_filter ] --END-- [ RunTime:0.003739s ]
[ 2012-08-30T17:29:23+08:00 ] INFO: Tag[ view_end ] --START--
[ 2012-08-30T17:29:23+08:00 ] INFO: Run ShowPageTrace Behavior [ RunTime:0.000880s ]
[ 2012-08-30T17:29:23+08:00 ] INFO: Tag[ view_end ] --END-- [ RunTime:0.001025s ]

------127.0.0.1 REQUEST_URI:/report/Admin/userMgr.html------
[ 2012-08-30T17:29:25+08:00 ] INFO: Tag[ route_check ] --START--
[ 2012-08-30T17:29:25+08:00 ] INFO: Run CheckRoute Behavior [ RunTime:0.001588s ]
[ 2012-08-30T17:29:25+08:00 ] INFO: Tag[ route_check ] --END-- [ RunTime:0.001734s ]
[ 2012-08-30T17:29:25+08:00 ] INFO: Tag[ app_begin ] --START--
[ 2012-08-30T17:29:25+08:00 ] INFO: Run ReadHtmlCache Behavior [ RunTime:0.000988s ]
[ 2012-08-30T17:29:25+08:00 ] INFO: Tag[ app_begin ] --END-- [ RunTime:0.001080s ]
[ 2012-08-30T17:29:25+08:00 ] NOTIC: [8] Undefined offset:  3 AdminAction.class.php 第 25 行.
[ 2012-08-30T17:29:25+08:00 ] NOTIC: [8] Undefined offset:  2 AdminAction.class.php 第 26 行.
[ 2012-08-30T17:29:25+08:00 ] INFO: Tag[ view_template ] --START--
[ 2012-08-30T17:29:25+08:00 ] INFO: Run LocationTemplate Behavior [ RunTime:0.001921s ]
[ 2012-08-30T17:29:25+08:00 ] INFO: Tag[ view_template ] --END-- [ RunTime:0.002089s ]
[ 2012-08-30T17:29:25+08:00 ] INFO: Tag[ view_parse ] --START--
[ 2012-08-30T17:29:25+08:00 ] NOTIC: [8] Undefined variable: department 97c8eb44aa5a73893631cbcf877aebe8.php 第 31 行.
[ 2012-08-30T17:29:25+08:00 ] INFO: Run ParseTemplate Behavior [ RunTime:0.019875s ]
[ 2012-08-30T17:29:25+08:00 ] INFO: Tag[ view_parse ] --END-- [ RunTime:0.019982s ]
[ 2012-08-30T17:29:25+08:00 ] INFO: Tag[ view_filter ] --START--
[ 2012-08-30T17:29:25+08:00 ] INFO: Run ContentReplace Behavior [ RunTime:0.000926s ]
[ 2012-08-30T17:29:25+08:00 ] INFO: Run TokenBuild Behavior [ RunTime:0.000949s ]
[ 2012-08-30T17:29:25+08:00 ] INFO: Run WriteHtmlCache Behavior [ RunTime:0.000551s ]
[ 2012-08-30T17:29:25+08:00 ] INFO: Run ShowRuntime Behavior [ RunTime:0.000816s ]
[ 2012-08-30T17:29:25+08:00 ] INFO: Tag[ view_filter ] --END-- [ RunTime:0.003488s ]
[ 2012-08-30T17:29:25+08:00 ] INFO: Tag[ view_end ] --START--
[ 2012-08-30T17:29:25+08:00 ] INFO: Run ShowPageTrace Behavior [ RunTime:0.000900s ]
[ 2012-08-30T17:29:25+08:00 ] INFO: Tag[ view_end ] --END-- [ RunTime:0.001030s ]

------127.0.0.1 REQUEST_URI:/report/Common/situation.html------
[ 2012-08-30T17:30:20+08:00 ] INFO: Tag[ route_check ] --START--
[ 2012-08-30T17:30:20+08:00 ] INFO: Run CheckRoute Behavior [ RunTime:0.002463s ]
[ 2012-08-30T17:30:20+08:00 ] INFO: Tag[ route_check ] --END-- [ RunTime:0.002653s ]
[ 2012-08-30T17:30:20+08:00 ] INFO: Tag[ app_begin ] --START--
[ 2012-08-30T17:30:20+08:00 ] INFO: Run ReadHtmlCache Behavior [ RunTime:0.002639s ]
[ 2012-08-30T17:30:20+08:00 ] INFO: Tag[ app_begin ] --END-- [ RunTime:0.002867s ]
[ 2012-08-30T17:30:20+08:00 ] NOTIC: [8] Use of undefined constant _URL_ - assumed '_URL_' CommonAction.class.php 第 15 行.
[ 2012-08-30T17:30:20+08:00 ] NOTIC: [8] Undefined offset:  3 CommonAction.class.php 第 15 行.
[ 2012-08-30T17:30:20+08:00 ] NOTIC: [8] Use of undefined constant now - assumed 'now' CommonAction.class.php 第 32 行.
[ 2012-08-30T17:30:20+08:00 ] INFO: Tag[ view_template ] --START--
[ 2012-08-30T17:30:20+08:00 ] INFO: Run LocationTemplate Behavior [ RunTime:0.002418s ]
[ 2012-08-30T17:30:20+08:00 ] INFO: Tag[ view_template ] --END-- [ RunTime:0.002536s ]
[ 2012-08-30T17:30:20+08:00 ] INFO: Tag[ view_parse ] --START--
[ 2012-08-30T17:30:20+08:00 ] NOTIC: [8] Undefined variable: department a4fbe9a20bc692d7948d533d1b6527b3.php 第 32 行.
[ 2012-08-30T17:30:20+08:00 ] NOTIC: [8] Undefined variable: 8 a4fbe9a20bc692d7948d533d1b6527b3.php 第 40 行.
[ 2012-08-30T17:30:20+08:00 ] INFO: Run ParseTemplate Behavior [ RunTime:0.029926s ]
[ 2012-08-30T17:30:20+08:00 ] INFO: Tag[ view_parse ] --END-- [ RunTime:0.030002s ]
[ 2012-08-30T17:30:20+08:00 ] INFO: Tag[ view_filter ] --START--
[ 2012-08-30T17:30:20+08:00 ] INFO: Run ContentReplace Behavior [ RunTime:0.001754s ]
[ 2012-08-30T17:30:20+08:00 ] INFO: Run TokenBuild Behavior [ RunTime:0.001901s ]
[ 2012-08-30T17:30:20+08:00 ] INFO: Run WriteHtmlCache Behavior [ RunTime:0.001456s ]
[ 2012-08-30T17:30:20+08:00 ] INFO: Run ShowRuntime Behavior [ RunTime:0.001661s ]
[ 2012-08-30T17:30:20+08:00 ] INFO: Tag[ view_filter ] --END-- [ RunTime:0.007047s ]
[ 2012-08-30T17:30:20+08:00 ] INFO: Tag[ view_end ] --START--
[ 2012-08-30T17:30:20+08:00 ] INFO: Run ShowPageTrace Behavior [ RunTime:0.002062s ]
[ 2012-08-30T17:30:20+08:00 ] INFO: Tag[ view_end ] --END-- [ RunTime:0.002178s ]

